{"total": {"lines":{"total":1963,"covered":1183,"skipped":0,"pct":60.26},"statements":{"total":2359,"covered":1329,"skipped":0,"pct":56.33},"functions":{"total":453,"covered":236,"skipped":0,"pct":52.09},"branches":{"total":1891,"covered":856,"skipped":0,"pct":45.26},"branchesTrue":{"total":0,"covered":0,"skipped":0,"pct":100}}
,"/workspaces/CuraFlow/src/components/AuthProvider.jsx": {"lines":{"total":179,"covered":108,"skipped":0,"pct":60.33},"functions":{"total":32,"covered":13,"skipped":0,"pct":40.62},"statements":{"total":183,"covered":109,"skipped":0,"pct":59.56},"branches":{"total":50,"covered":18,"skipped":0,"pct":36}}
,"/workspaces/CuraFlow/src/components/schedule/autoFillEngine.js": {"lines":{"total":902,"covered":440,"skipped":0,"pct":48.78},"functions":{"total":191,"covered":81,"skipped":0,"pct":42.4},"statements":{"total":1175,"covered":517,"skipped":0,"pct":44},"branches":{"total":940,"covered":271,"skipped":0,"pct":28.82}}
,"/workspaces/CuraFlow/src/components/schedule/costFunction.js": {"lines":{"total":241,"covered":154,"skipped":0,"pct":63.9},"functions":{"total":43,"covered":23,"skipped":0,"pct":53.48},"statements":{"total":287,"covered":166,"skipped":0,"pct":57.83},"branches":{"total":310,"covered":159,"skipped":0,"pct":51.29}}
,"/workspaces/CuraFlow/src/components/schedule/holidayUtils.jsx": {"lines":{"total":93,"covered":88,"skipped":0,"pct":94.62},"functions":{"total":24,"covered":21,"skipped":0,"pct":87.5},"statements":{"total":105,"covered":96,"skipped":0,"pct":91.42},"branches":{"total":76,"covered":55,"skipped":0,"pct":72.36}}
,"/workspaces/CuraFlow/src/components/schedule/staffingUtils.jsx": {"lines":{"total":181,"covered":150,"skipped":0,"pct":82.87},"functions":{"total":26,"covered":25,"skipped":0,"pct":96.15},"statements":{"total":205,"covered":172,"skipped":0,"pct":83.9},"branches":{"total":196,"covered":144,"skipped":0,"pct":73.46}}
,"/workspaces/CuraFlow/src/components/staff/DoctorForm.jsx": {"lines":{"total":80,"covered":46,"skipped":0,"pct":57.5},"functions":{"total":32,"covered":17,"skipped":0,"pct":53.12},"statements":{"total":85,"covered":47,"skipped":0,"pct":55.29},"branches":{"total":94,"covered":47,"skipped":0,"pct":50}}
,"/workspaces/CuraFlow/src/hooks/use-mobile.jsx": {"lines":{"total":10,"covered":10,"skipped":0,"pct":100},"functions":{"total":4,"covered":4,"skipped":0,"pct":100},"statements":{"total":11,"covered":11,"skipped":0,"pct":100},"branches":{"total":0,"covered":0,"skipped":0,"pct":100}}
,"/workspaces/CuraFlow/src/hooks/useCertificates.js": {"lines":{"total":37,"covered":37,"skipped":0,"pct":100},"functions":{"total":14,"covered":13,"skipped":0,"pct":92.85},"statements":{"total":39,"covered":38,"skipped":0,"pct":97.43},"branches":{"total":19,"covered":19,"skipped":0,"pct":100}}
,"/workspaces/CuraFlow/src/hooks/useQualifications.js": {"lines":{"total":100,"covered":31,"skipped":0,"pct":31},"functions":{"total":51,"covered":8,"skipped":0,"pct":15.68},"statements":{"total":108,"covered":34,"skipped":0,"pct":31.48},"branches":{"total":47,"covered":15,"skipped":0,"pct":31.91}}
,"/workspaces/CuraFlow/src/utils/autoFrei.js": {"lines":{"total":7,"covered":7,"skipped":0,"pct":100},"functions":{"total":1,"covered":1,"skipped":0,"pct":100},"statements":{"total":7,"covered":7,"skipped":0,"pct":100},"branches":{"total":6,"covered":6,"skipped":0,"pct":100}}
,"/workspaces/CuraFlow/src/utils/dbTracker.js": {"lines":{"total":0,"covered":0,"skipped":0,"pct":0},"functions":{"total":0,"covered":0,"skipped":0,"pct":0},"statements":{"total":0,"covered":0,"skipped":0,"pct":0},"branches":{"total":0,"covered":0,"skipped":0,"pct":0}}
,"/workspaces/CuraFlow/src/utils/doctorSorting.js": {"lines":{"total":12,"covered":6,"skipped":0,"pct":50},"functions":{"total":3,"covered":2,"skipped":0,"pct":66.66},"statements":{"total":13,"covered":7,"skipped":0,"pct":53.84},"branches":{"total":15,"covered":8,"skipped":0,"pct":53.33}}
,"/workspaces/CuraFlow/src/utils/holidays.js": {"lines":{"total":0,"covered":0,"skipped":0,"pct":0},"functions":{"total":0,"covered":0,"skipped":0,"pct":0},"statements":{"total":0,"covered":0,"skipped":0,"pct":0},"branches":{"total":0,"covered":0,"skipped":0,"pct":0}}
,"/workspaces/CuraFlow/src/utils/index.ts": {"lines":{"total":1,"covered":0,"skipped":0,"pct":0},"functions":{"total":1,"covered":0,"skipped":0,"pct":0},"statements":{"total":1,"covered":0,"skipped":0,"pct":0},"branches":{"total":0,"covered":0,"skipped":0,"pct":100}}
,"/workspaces/CuraFlow/src/utils/shiftPositionUtils.js": {"lines":{"total":3,"covered":3,"skipped":0,"pct":100},"functions":{"total":2,"covered":2,"skipped":0,"pct":100},"statements":{"total":3,"covered":3,"skipped":0,"pct":100},"branches":{"total":2,"covered":2,"skipped":0,"pct":100}}
,"/workspaces/CuraFlow/src/utils/staffingUtils.js": {"lines":{"total":0,"covered":0,"skipped":0,"pct":0},"functions":{"total":0,"covered":0,"skipped":0,"pct":0},"statements":{"total":0,"covered":0,"skipped":0,"pct":0},"branches":{"total":0,"covered":0,"skipped":0,"pct":0}}
,"/workspaces/CuraFlow/src/utils/timeslotUtils.js": {"lines":{"total":67,"covered":53,"skipped":0,"pct":79.1},"functions":{"total":14,"covered":11,"skipped":0,"pct":78.57},"statements":{"total":72,"covered":58,"skipped":0,"pct":80.55},"branches":{"total":69,"covered":48,"skipped":0,"pct":69.56}}
,"/workspaces/CuraFlow/src/utils/wishRange.js": {"lines":{"total":24,"covered":24,"skipped":0,"pct":100},"functions":{"total":6,"covered":6,"skipped":0,"pct":100},"statements":{"total":32,"covered":31,"skipped":0,"pct":96.87},"branches":{"total":39,"covered":36,"skipped":0,"pct":92.3}}
,"/workspaces/CuraFlow/src/utils/workplaceCategoryUtils.js": {"lines":{"total":26,"covered":26,"skipped":0,"pct":100},"functions":{"total":9,"covered":9,"skipped":0,"pct":100},"statements":{"total":33,"covered":33,"skipped":0,"pct":100},"branches":{"total":28,"covered":28,"skipped":0,"pct":100}}
}
