TN:
SF:src/components/AuthProvider.jsx
FN:20,(anonymous_0)
FN:21,(anonymous_1)
FN:22,(anonymous_2)
FN:23,(anonymous_3)
FN:24,(anonymous_4)
FN:25,(anonymous_5)
FN:28,(anonymous_6)
FN:33,(anonymous_7)
FN:45,(anonymous_8)
FN:55,(anonymous_9)
FN:68,(anonymous_10)
FN:76,(anonymous_11)
FN:88,(anonymous_12)
FN:89,(anonymous_13)
FN:127,(anonymous_14)
FN:132,(anonymous_15)
FN:145,(anonymous_16)
FN:151,(anonymous_17)
FN:157,(anonymous_18)
FN:212,(anonymous_19)
FN:216,(anonymous_20)
FN:235,(anonymous_21)
FN:248,(anonymous_22)
FN:292,(anonymous_23)
FN:297,(anonymous_24)
FN:304,(anonymous_25)
FN:305,(anonymous_26)
FN:325,(anonymous_27)
FN:329,(anonymous_28)
FN:333,(anonymous_29)
FN:355,(anonymous_30)
FN:363,(anonymous_31)
FNF:32
FNH:13
FNDA:0,(anonymous_0)
FNDA:0,(anonymous_1)
FNDA:0,(anonymous_2)
FNDA:0,(anonymous_3)
FNDA:0,(anonymous_4)
FNDA:0,(anonymous_5)
FNDA:11,(anonymous_6)
FNDA:15,(anonymous_7)
FNDA:6,(anonymous_8)
FNDA:0,(anonymous_9)
FNDA:17,(anonymous_10)
FNDA:3,(anonymous_11)
FNDA:6,(anonymous_12)
FNDA:6,(anonymous_13)
FNDA:9,(anonymous_14)
FNDA:3,(anonymous_15)
FNDA:3,(anonymous_16)
FNDA:2,(anonymous_17)
FNDA:0,(anonymous_18)
FNDA:1,(anonymous_19)
FNDA:0,(anonymous_20)
FNDA:0,(anonymous_21)
FNDA:0,(anonymous_22)
FNDA:0,(anonymous_23)
FNDA:0,(anonymous_24)
FNDA:0,(anonymous_25)
FNDA:0,(anonymous_26)
FNDA:0,(anonymous_27)
FNDA:0,(anonymous_28)
FNDA:0,(anonymous_29)
FNDA:6,(anonymous_30)
FNDA:0,(anonymous_31)
DA:7,6
DA:9,6
DA:28,11
DA:30,6
DA:33,6
DA:34,15
DA:35,15
DA:36,15
DA:37,15
DA:38,15
DA:39,15
DA:40,15
DA:41,15
DA:42,15
DA:43,15
DA:44,15
DA:45,15
DA:46,6
DA:47,6
DA:48,6
DA:49,6
DA:51,0
DA:55,15
DA:56,0
DA:57,0
DA:58,0
DA:59,0
DA:61,0
DA:64,0
DA:68,15
DA:69,17
DA:70,17
DA:72,0
DA:76,15
DA:77,3
DA:78,3
DA:79,2
DA:81,1
DA:84,0
DA:88,15
DA:89,6
DA:90,6
DA:92,6
DA:93,4
DA:94,4
DA:97,2
DA:98,2
DA:99,2
DA:100,1
DA:101,1
DA:102,1
DA:104,1
DA:107,1
DA:108,1
DA:109,0
DA:110,6
DA:111,6
DA:113,1
DA:116,1
DA:117,1
DA:118,1
DA:120,2
DA:124,6
DA:127,15
DA:128,9
DA:130,3
DA:132,3
DA:133,3
DA:134,3
DA:136,0
DA:137,0
DA:142,3
DA:143,3
DA:145,3
DA:146,3
DA:147,3
DA:151,15
DA:152,2
DA:155,2
DA:157,2
DA:158,0
DA:160,2
DA:162,0
DA:165,2
DA:166,2
DA:168,2
DA:169,2
DA:170,2
DA:171,2
DA:172,2
DA:175,2
DA:176,2
DA:177,2
DA:178,2
DA:179,1
DA:181,1
DA:182,1
DA:183,1
DA:184,1
DA:187,1
DA:188,1
DA:190,0
DA:193,1
DA:198,2
DA:199,2
DA:200,0
DA:201,2
DA:202,2
DA:204,2
DA:205,2
DA:206,2
DA:209,2
DA:212,15
DA:213,1
DA:216,15
DA:217,0
DA:218,0
DA:219,0
DA:220,0
DA:221,0
DA:222,0
DA:226,0
DA:227,0
DA:229,0
DA:232,0
DA:235,15
DA:236,0
DA:237,0
DA:239,0
DA:240,0
DA:241,0
DA:242,0
DA:244,0
DA:248,15
DA:249,0
DA:250,0
DA:251,0
DA:252,0
DA:253,0
DA:256,0
DA:257,0
DA:258,0
DA:259,0
DA:262,15
DA:264,15
DA:292,6
DA:293,0
DA:294,0
DA:295,0
DA:297,0
DA:298,0
DA:299,0
DA:300,0
DA:304,0
DA:305,0
DA:306,0
DA:307,0
DA:308,0
DA:309,0
DA:310,0
DA:311,0
DA:314,0
DA:315,0
DA:317,0
DA:320,0
DA:323,0
DA:325,0
DA:326,0
DA:329,0
DA:330,0
DA:333,0
DA:334,0
DA:335,0
DA:338,0
DA:355,6
DA:356,6
DA:357,6
DA:359,0
DA:363,6
LF:179
LH:108
BRDA:48,0,0,0
BRDA:48,0,1,6
BRDA:49,1,0,0
BRDA:49,1,1,6
BRDA:58,2,0,0
BRDA:58,2,1,0
BRDA:58,3,0,0
BRDA:58,3,1,0
BRDA:78,4,0,2
BRDA:78,4,1,1
BRDA:92,5,0,4
BRDA:92,5,1,2
BRDA:109,6,0,0
BRDA:109,6,1,0
BRDA:128,7,0,6
BRDA:128,7,1,3
BRDA:128,8,0,9
BRDA:128,8,1,3
BRDA:136,9,0,0
BRDA:136,9,1,0
BRDA:181,10,0,1
BRDA:181,10,1,0
BRDA:181,11,0,1
BRDA:181,11,1,1
BRDA:200,12,0,0
BRDA:200,12,1,0
BRDA:236,13,0,0
BRDA:236,13,1,0
BRDA:237,14,0,0
BRDA:237,14,1,0
BRDA:249,15,0,0
BRDA:249,15,1,0
BRDA:250,16,0,0
BRDA:250,16,1,0
BRDA:251,17,0,0
BRDA:251,17,1,0
BRDA:251,18,0,0
BRDA:251,18,1,0
BRDA:262,19,0,15
BRDA:262,19,1,4
BRDA:270,20,0,15
BRDA:270,20,1,11
BRDA:298,21,0,0
BRDA:298,21,1,0
BRDA:309,22,0,0
BRDA:309,22,1,0
BRDA:323,23,0,0
BRDA:323,23,1,0
BRDA:356,24,0,6
BRDA:356,24,1,0
BRF:50
BRH:18
end_of_record
TN:
SF:src/components/schedule/autoFillEngine.js
FN:41,generateSuggestions
FN:76,(anonymous_1)
FN:86,(anonymous_2)
FN:101,(anonymous_3)
FN:104,(anonymous_4)
FN:107,(anonymous_5)
FN:108,(anonymous_6)
FN:112,(anonymous_7)
FN:117,(anonymous_8)
FN:121,(anonymous_9)
FN:126,(anonymous_10)
FN:130,(anonymous_11)
FN:136,(anonymous_12)
FN:141,(anonymous_13)
FN:145,(anonymous_14)
FN:150,(anonymous_15)
FN:154,(anonymous_16)
FN:160,(anonymous_17)
FN:165,(anonymous_18)
FN:169,(anonymous_19)
FN:172,(anonymous_20)
FN:177,(anonymous_21)
FN:187,(anonymous_22)
FN:190,(anonymous_23)
FN:191,(anonymous_24)
FN:195,(anonymous_25)
FN:198,(anonymous_26)
FN:225,(anonymous_27)
FN:251,(anonymous_28)
FN:252,(anonymous_29)
FN:259,(anonymous_30)
FN:260,(anonymous_31)
FN:263,(anonymous_32)
FN:264,(anonymous_33)
FN:274,(anonymous_34)
FN:275,(anonymous_35)
FN:278,(anonymous_36)
FN:278,(anonymous_37)
FN:279,(anonymous_38)
FN:279,(anonymous_39)
FN:284,(anonymous_40)
FN:288,(anonymous_41)
FN:310,(anonymous_42)
FN:329,(anonymous_43)
FN:330,(anonymous_44)
FN:335,(anonymous_45)
FN:351,(anonymous_46)
FN:367,(anonymous_47)
FN:377,(anonymous_48)
FN:379,(anonymous_49)
FN:380,(anonymous_50)
FN:382,(anonymous_51)
FN:391,(anonymous_52)
FN:392,(anonymous_53)
FN:407,(anonymous_54)
FN:416,(anonymous_55)
FN:424,(anonymous_56)
FN:444,(anonymous_57)
FN:460,(anonymous_58)
FN:470,(anonymous_59)
FN:508,(anonymous_60)
FN:516,(anonymous_61)
FN:537,(anonymous_62)
FN:538,(anonymous_63)
FN:547,(anonymous_64)
FN:548,(anonymous_65)
FN:557,(anonymous_66)
FN:558,(anonymous_67)
FN:567,(anonymous_68)
FN:568,(anonymous_69)
FN:580,(anonymous_70)
FN:581,(anonymous_71)
FN:582,(anonymous_72)
FN:583,(anonymous_73)
FN:589,(anonymous_74)
FN:599,(anonymous_75)
FN:607,(anonymous_76)
FN:608,(anonymous_77)
FN:617,(anonymous_78)
FN:620,(anonymous_79)
FN:668,(anonymous_80)
FN:681,(anonymous_81)
FN:687,(anonymous_82)
FN:692,(anonymous_83)
FN:697,(anonymous_84)
FN:709,(anonymous_85)
FN:733,(anonymous_86)
FN:734,(anonymous_87)
FN:743,(anonymous_88)
FN:765,(anonymous_89)
FN:780,(anonymous_90)
FN:796,(anonymous_91)
FN:802,(anonymous_92)
FN:821,(anonymous_93)
FN:848,(anonymous_94)
FN:854,(anonymous_95)
FN:867,(anonymous_96)
FN:878,(anonymous_97)
FN:926,(anonymous_98)
FN:938,(anonymous_99)
FN:939,(anonymous_100)
FN:940,(anonymous_101)
FN:941,(anonymous_102)
FN:950,(anonymous_103)
FN:968,(anonymous_104)
FN:970,(anonymous_105)
FN:972,(anonymous_106)
FN:979,(anonymous_107)
FN:983,(anonymous_108)
FN:988,(anonymous_109)
FN:993,(anonymous_110)
FN:1020,(anonymous_111)
FN:1024,(anonymous_112)
FN:1062,(anonymous_113)
FN:1082,(anonymous_114)
FN:1088,(anonymous_115)
FN:1097,(anonymous_116)
FN:1105,(anonymous_117)
FN:1111,(anonymous_118)
FN:1116,(anonymous_119)
FN:1153,(anonymous_120)
FN:1157,(anonymous_121)
FN:1159,(anonymous_122)
FN:1169,(anonymous_123)
FN:1174,(anonymous_124)
FN:1196,(anonymous_125)
FN:1200,(anonymous_126)
FN:1204,(anonymous_127)
FN:1214,(anonymous_128)
FN:1221,(anonymous_129)
FN:1232,(anonymous_130)
FN:1238,(anonymous_131)
FN:1288,(anonymous_132)
FN:1319,(anonymous_133)
FN:1320,(anonymous_134)
FN:1378,(anonymous_135)
FN:1389,(anonymous_136)
FN:1407,(anonymous_137)
FN:1425,(anonymous_138)
FN:1428,(anonymous_139)
FN:1432,(anonymous_140)
FN:1439,(anonymous_141)
FN:1459,(anonymous_142)
FN:1460,(anonymous_143)
FN:1462,(anonymous_144)
FN:1463,(anonymous_145)
FN:1472,(anonymous_146)
FN:1492,(anonymous_147)
FN:1496,(anonymous_148)
FN:1503,(anonymous_149)
FN:1506,(anonymous_150)
FN:1514,(anonymous_151)
FN:1518,(anonymous_152)
FN:1525,(anonymous_153)
FN:1528,(anonymous_154)
FN:1534,(anonymous_155)
FN:1558,(anonymous_156)
FN:1562,(anonymous_157)
FN:1596,(anonymous_158)
FN:1601,(anonymous_159)
FN:1606,(anonymous_160)
FN:1610,(anonymous_161)
FN:1614,(anonymous_162)
FN:1623,(anonymous_163)
FN:1628,(anonymous_164)
FN:1633,(anonymous_165)
FN:1637,(anonymous_166)
FN:1640,(anonymous_167)
FN:1668,(anonymous_168)
FN:1671,(anonymous_169)
FN:1675,(anonymous_170)
FN:1681,(anonymous_171)
FN:1686,(anonymous_172)
FN:1690,(anonymous_173)
FN:1722,(anonymous_174)
FN:1727,(anonymous_175)
FN:1728,(anonymous_176)
FN:1734,(anonymous_177)
FN:1738,(anonymous_178)
FN:1760,(anonymous_179)
FN:1763,(anonymous_180)
FN:1771,(anonymous_181)
FN:1776,(anonymous_182)
FN:1784,(anonymous_183)
FN:1788,(anonymous_184)
FN:1829,(anonymous_185)
FN:1860,(anonymous_186)
FN:1861,(anonymous_187)
FN:1921,(anonymous_188)
FN:1926,(anonymous_189)
FN:1959,formatDate
FNF:191
FNH:81
FNDA:24,generateSuggestions
FNDA:137,(anonymous_1)
FNDA:27,(anonymous_2)
FNDA:31,(anonymous_3)
FNDA:31,(anonymous_4)
FNDA:5,(anonymous_5)
FNDA:52,(anonymous_6)
FNDA:32,(anonymous_7)
FNDA:2,(anonymous_8)
FNDA:37,(anonymous_9)
FNDA:2,(anonymous_10)
FNDA:6,(anonymous_11)
FNDA:0,(anonymous_12)
FNDA:0,(anonymous_13)
FNDA:0,(anonymous_14)
FNDA:0,(anonymous_15)
FNDA:2,(anonymous_16)
FNDA:2,(anonymous_17)
FNDA:0,(anonymous_18)
FNDA:29,(anonymous_19)
FNDA:29,(anonymous_20)
FNDA:0,(anonymous_21)
FNDA:27,(anonymous_22)
FNDA:0,(anonymous_23)
FNDA:0,(anonymous_24)
FNDA:56,(anonymous_25)
FNDA:0,(anonymous_26)
FNDA:30,(anonymous_27)
FNDA:0,(anonymous_28)
FNDA:23,(anonymous_29)
FNDA:72,(anonymous_30)
FNDA:0,(anonymous_31)
FNDA:24,(anonymous_32)
FNDA:0,(anonymous_33)
FNDA:24,(anonymous_34)
FNDA:0,(anonymous_35)
FNDA:21,(anonymous_36)
FNDA:8,(anonymous_37)
FNDA:21,(anonymous_38)
FNDA:13,(anonymous_39)
FNDA:0,(anonymous_40)
FNDA:222,(anonymous_41)
FNDA:54,(anonymous_42)
FNDA:31,(anonymous_43)
FNDA:47,(anonymous_44)
FNDA:31,(anonymous_45)
FNDA:21,(anonymous_46)
FNDA:0,(anonymous_47)
FNDA:1,(anonymous_48)
FNDA:0,(anonymous_49)
FNDA:0,(anonymous_50)
FNDA:0,(anonymous_51)
FNDA:0,(anonymous_52)
FNDA:0,(anonymous_53)
FNDA:159,(anonymous_54)
FNDA:0,(anonymous_55)
FNDA:24,(anonymous_56)
FNDA:0,(anonymous_57)
FNDA:0,(anonymous_58)
FNDA:129,(anonymous_59)
FNDA:1,(anonymous_60)
FNDA:0,(anonymous_61)
FNDA:0,(anonymous_62)
FNDA:0,(anonymous_63)
FNDA:34,(anonymous_64)
FNDA:2,(anonymous_65)
FNDA:0,(anonymous_66)
FNDA:0,(anonymous_67)
FNDA:39,(anonymous_68)
FNDA:2,(anonymous_69)
FNDA:140,(anonymous_70)
FNDA:2,(anonymous_71)
FNDA:10,(anonymous_72)
FNDA:0,(anonymous_73)
FNDA:0,(anonymous_74)
FNDA:31,(anonymous_75)
FNDA:31,(anonymous_76)
FNDA:31,(anonymous_77)
FNDA:0,(anonymous_78)
FNDA:0,(anonymous_79)
FNDA:0,(anonymous_80)
FNDA:30,(anonymous_81)
FNDA:1,(anonymous_82)
FNDA:22,(anonymous_83)
FNDA:22,(anonymous_84)
FNDA:0,(anonymous_85)
FNDA:32,(anonymous_86)
FNDA:32,(anonymous_87)
FNDA:0,(anonymous_88)
FNDA:27,(anonymous_89)
FNDA:0,(anonymous_90)
FNDA:0,(anonymous_91)
FNDA:25,(anonymous_92)
FNDA:36,(anonymous_93)
FNDA:16,(anonymous_94)
FNDA:31,(anonymous_95)
FNDA:3,(anonymous_96)
FNDA:0,(anonymous_97)
FNDA:27,(anonymous_98)
FNDA:2,(anonymous_99)
FNDA:0,(anonymous_100)
FNDA:0,(anonymous_101)
FNDA:0,(anonymous_102)
FNDA:0,(anonymous_103)
FNDA:0,(anonymous_104)
FNDA:0,(anonymous_105)
FNDA:0,(anonymous_106)
FNDA:0,(anonymous_107)
FNDA:0,(anonymous_108)
FNDA:0,(anonymous_109)
FNDA:0,(anonymous_110)
FNDA:3,(anonymous_111)
FNDA:0,(anonymous_112)
FNDA:2,(anonymous_113)
FNDA:1,(anonymous_114)
FNDA:0,(anonymous_115)
FNDA:0,(anonymous_116)
FNDA:1,(anonymous_117)
FNDA:0,(anonymous_118)
FNDA:0,(anonymous_119)
FNDA:2,(anonymous_120)
FNDA:0,(anonymous_121)
FNDA:0,(anonymous_122)
FNDA:0,(anonymous_123)
FNDA:0,(anonymous_124)
FNDA:0,(anonymous_125)
FNDA:0,(anonymous_126)
FNDA:0,(anonymous_127)
FNDA:0,(anonymous_128)
FNDA:0,(anonymous_129)
FNDA:0,(anonymous_130)
FNDA:0,(anonymous_131)
FNDA:1,(anonymous_132)
FNDA:0,(anonymous_133)
FNDA:0,(anonymous_134)
FNDA:0,(anonymous_135)
FNDA:22,(anonymous_136)
FNDA:27,(anonymous_137)
FNDA:1,(anonymous_138)
FNDA:0,(anonymous_139)
FNDA:0,(anonymous_140)
FNDA:1,(anonymous_141)
FNDA:1,(anonymous_142)
FNDA:0,(anonymous_143)
FNDA:0,(anonymous_144)
FNDA:0,(anonymous_145)
FNDA:0,(anonymous_146)
FNDA:0,(anonymous_147)
FNDA:0,(anonymous_148)
FNDA:0,(anonymous_149)
FNDA:0,(anonymous_150)
FNDA:0,(anonymous_151)
FNDA:0,(anonymous_152)
FNDA:0,(anonymous_153)
FNDA:0,(anonymous_154)
FNDA:0,(anonymous_155)
FNDA:2,(anonymous_156)
FNDA:0,(anonymous_157)
FNDA:0,(anonymous_158)
FNDA:0,(anonymous_159)
FNDA:0,(anonymous_160)
FNDA:0,(anonymous_161)
FNDA:0,(anonymous_162)
FNDA:0,(anonymous_163)
FNDA:0,(anonymous_164)
FNDA:0,(anonymous_165)
FNDA:0,(anonymous_166)
FNDA:0,(anonymous_167)
FNDA:1,(anonymous_168)
FNDA:1,(anonymous_169)
FNDA:0,(anonymous_170)
FNDA:1,(anonymous_171)
FNDA:0,(anonymous_172)
FNDA:0,(anonymous_173)
FNDA:1,(anonymous_174)
FNDA:0,(anonymous_175)
FNDA:0,(anonymous_176)
FNDA:0,(anonymous_177)
FNDA:0,(anonymous_178)
FNDA:0,(anonymous_179)
FNDA:0,(anonymous_180)
FNDA:0,(anonymous_181)
FNDA:0,(anonymous_182)
FNDA:0,(anonymous_183)
FNDA:0,(anonymous_184)
FNDA:1,(anonymous_185)
FNDA:0,(anonymous_186)
FNDA:0,(anonymous_187)
FNDA:23,(anonymous_188)
FNDA:0,(anonymous_189)
FNDA:78,formatDate
DA:61,24
DA:62,24
DA:63,4
DA:64,4
DA:66,24
DA:68,24
DA:69,24
DA:70,24
DA:72,24
DA:73,24
DA:74,24
DA:75,24
DA:76,24
DA:77,137
DA:78,5
DA:84,137
DA:86,27
DA:88,24
DA:101,24
DA:102,31
DA:104,24
DA:105,31
DA:107,31
DA:108,52
DA:112,24
DA:113,32
DA:114,32
DA:115,2
DA:116,2
DA:117,2
DA:121,24
DA:122,37
DA:123,37
DA:124,2
DA:125,2
DA:126,2
DA:130,24
DA:131,6
DA:132,6
DA:136,24
DA:137,0
DA:138,0
DA:139,0
DA:140,0
DA:141,0
DA:145,24
DA:146,0
DA:147,0
DA:148,0
DA:149,0
DA:150,0
DA:154,24
DA:155,2
DA:156,2
DA:160,24
DA:161,2
DA:162,2
DA:163,0
DA:164,0
DA:165,0
DA:168,24
DA:169,29
DA:172,24
DA:173,29
DA:174,3
DA:177,24
DA:178,0
DA:179,0
DA:187,24
DA:188,27
DA:189,0
DA:190,0
DA:191,0
DA:195,56
DA:198,24
DA:199,0
DA:200,0
DA:201,0
DA:202,0
DA:203,0
DA:205,0
DA:208,0
DA:209,0
DA:210,0
DA:211,0
DA:213,0
DA:216,0
DA:225,24
DA:226,30
DA:227,30
DA:228,27
DA:229,27
DA:231,0
DA:232,0
DA:237,27
DA:238,27
DA:241,30
DA:245,24
DA:246,24
DA:247,2
DA:248,1
DA:251,24
DA:252,24
DA:259,24
DA:260,72
DA:261,72
DA:263,24
DA:264,24
DA:265,24
DA:266,0
DA:268,24
DA:269,24
DA:270,24
DA:274,24
DA:275,24
DA:278,24
DA:279,24
DA:282,24
DA:283,0
DA:284,0
DA:288,24
DA:289,222
DA:290,186
DA:291,1
DA:295,24
DA:296,24
DA:299,24
DA:300,24
DA:301,24
DA:302,24
DA:303,24
DA:306,24
DA:309,24
DA:310,24
DA:311,54
DA:312,54
DA:315,24
DA:316,2
DA:317,2
DA:318,2
DA:319,2
DA:320,2
DA:321,0
DA:322,0
DA:323,0
DA:325,2
DA:329,24
DA:330,47
DA:331,31
DA:335,24
DA:336,31
DA:337,31
DA:338,31
DA:339,31
DA:340,31
DA:341,31
DA:342,31
DA:344,31
DA:345,31
DA:346,31
DA:347,31
DA:351,24
DA:352,21
DA:353,21
DA:354,21
DA:355,6
DA:356,6
DA:357,6
DA:359,21
DA:367,24
DA:368,0
DA:369,0
DA:370,0
DA:371,0
DA:372,0
DA:373,0
DA:377,24
DA:378,1
DA:379,0
DA:381,0
DA:382,0
DA:383,0
DA:385,0
DA:390,24
DA:391,24
DA:392,24
DA:396,24
DA:397,24
DA:405,24
DA:407,24
DA:408,159
DA:409,159
DA:410,159
DA:411,159
DA:412,159
DA:413,159
DA:416,24
DA:417,0
DA:418,0
DA:419,0
DA:420,0
DA:421,0
DA:424,24
DA:426,24
DA:427,24
DA:428,30
DA:429,30
DA:430,30
DA:433,24
DA:434,27
DA:435,0
DA:436,0
DA:438,0
DA:439,0
DA:444,0
DA:445,0
DA:446,0
DA:447,0
DA:448,0
DA:450,0
DA:453,0
DA:454,0
DA:455,0
DA:456,0
DA:457,0
DA:460,0
DA:461,0
DA:462,0
DA:463,0
DA:468,24
DA:470,24
DA:471,129
DA:472,129
DA:473,129
DA:479,24
DA:508,24
DA:509,1
DA:510,1
DA:514,1
DA:516,0
DA:518,1
DA:519,1
DA:527,1
DA:528,1
DA:537,24
DA:538,0
DA:539,0
DA:547,24
DA:548,34
DA:549,2
DA:557,24
DA:558,0
DA:559,0
DA:567,24
DA:568,39
DA:569,2
DA:580,140
DA:581,24
DA:582,24
DA:583,24
DA:584,0
DA:585,0
DA:589,24
DA:590,0
DA:596,24
DA:599,24
DA:600,31
DA:602,31
DA:603,31
DA:607,24
DA:608,31
DA:609,31
DA:611,0
DA:612,0
DA:613,0
DA:614,0
DA:615,0
DA:617,0
DA:618,0
DA:621,0
DA:629,24
DA:630,30
DA:631,30
DA:632,30
DA:634,30
DA:640,30
DA:641,30
DA:642,30
DA:645,30
DA:646,1
DA:647,1
DA:652,30
DA:653,41
DA:654,0
DA:658,30
DA:659,2
DA:660,1
DA:662,2
DA:663,2
DA:665,2
DA:666,0
DA:668,0
DA:669,0
DA:670,0
DA:672,0
DA:673,0
DA:677,30
DA:680,30
DA:681,30
DA:684,30
DA:685,30
DA:686,2
DA:687,1
DA:688,1
DA:692,30
DA:693,22
DA:694,22
DA:695,22
DA:697,22
DA:698,22
DA:699,22
DA:700,22
DA:702,22
DA:703,22
DA:704,22
DA:705,22
DA:709,30
DA:710,0
DA:711,0
DA:713,0
DA:714,0
DA:716,0
DA:730,30
DA:733,30
DA:734,32
DA:735,32
DA:742,32
DA:743,0
DA:744,0
DA:748,0
DA:749,0
DA:750,0
DA:751,0
DA:752,0
DA:753,0
DA:754,0
DA:755,0
DA:761,30
DA:765,30
DA:766,30
DA:767,2
DA:768,2
DA:769,2
DA:772,2
DA:773,2
DA:774,0
DA:776,2
DA:777,0
DA:778,0
DA:779,0
DA:780,0
DA:781,0
DA:782,0
DA:784,0
DA:785,0
DA:787,2
DA:788,2
DA:791,2
DA:796,30
DA:801,30
DA:802,27
DA:804,27
DA:806,27
DA:807,24
DA:808,24
DA:809,24
DA:810,24
DA:811,24
DA:812,24
DA:813,24
DA:821,24
DA:822,36
DA:823,36
DA:837,24
DA:848,24
DA:849,16
DA:850,16
DA:851,16
DA:854,24
DA:855,31
DA:856,31
DA:860,24
DA:861,3
DA:866,3
DA:867,3
DA:868,3
DA:869,3
DA:879,0
DA:880,0
DA:882,0
DA:884,3
DA:887,24
DA:888,3
DA:897,24
DA:898,21
DA:899,21
DA:900,21
DA:901,21
DA:902,21
DA:912,21
DA:913,1
DA:921,30
DA:926,30
DA:927,27
DA:930,30
DA:931,2
DA:933,2
DA:937,2
DA:938,2
DA:940,0
DA:941,0
DA:942,0
DA:945,2
DA:946,0
DA:947,0
DA:950,0
DA:951,0
DA:952,0
DA:953,0
DA:954,0
DA:957,0
DA:958,0
DA:959,0
DA:960,0
DA:963,0
DA:966,0
DA:968,0
DA:969,0
DA:970,0
DA:971,0
DA:972,0
DA:973,0
DA:974,0
DA:978,0
DA:979,0
DA:982,0
DA:983,0
DA:984,0
DA:988,0
DA:989,0
DA:992,0
DA:993,0
DA:994,0
DA:997,0
DA:999,0
DA:1000,0
DA:1001,0
DA:1015,2
DA:1016,2
DA:1017,3
DA:1019,3
DA:1021,3
DA:1022,3
DA:1025,0
DA:1026,0
DA:1027,0
DA:1028,0
DA:1029,0
DA:1030,0
DA:1031,0
DA:1032,0
DA:1037,0
DA:1038,0
DA:1039,0
DA:1042,0
DA:1043,0
DA:1044,0
DA:1047,0
DA:1048,0
DA:1049,0
DA:1052,0
DA:1054,0
DA:1055,0
DA:1056,0
DA:1057,0
DA:1060,3
DA:1062,2
DA:1063,2
DA:1065,1
DA:1066,1
DA:1067,1
DA:1068,1
DA:1069,1
DA:1072,3
DA:1082,3
DA:1085,3
DA:1087,1
DA:1088,0
DA:1089,0
DA:1091,0
DA:1092,0
DA:1095,0
DA:1097,0
DA:1098,0
DA:1099,0
DA:1105,1
DA:1106,1
DA:1110,1
DA:1111,0
DA:1112,0
DA:1116,1
DA:1117,0
DA:1118,0
DA:1119,0
DA:1122,1
DA:1123,1
DA:1124,1
DA:1125,1
DA:1133,1
DA:1134,1
DA:1135,0
DA:1137,1
DA:1138,0
DA:1139,0
DA:1149,2
DA:1150,2
DA:1151,2
DA:1153,2
DA:1154,2
DA:1157,0
DA:1158,0
DA:1160,0
DA:1161,0
DA:1162,0
DA:1163,0
DA:1171,0
DA:1172,0
DA:1175,0
DA:1176,0
DA:1177,0
DA:1180,0
DA:1183,0
DA:1193,0
DA:1194,0
DA:1196,0
DA:1198,0
DA:1200,0
DA:1203,0
DA:1204,0
DA:1205,0
DA:1206,0
DA:1208,0
DA:1213,0
DA:1214,0
DA:1215,0
DA:1221,0
DA:1222,0
DA:1223,0
DA:1224,0
DA:1225,0
DA:1227,0
DA:1232,0
DA:1233,0
DA:1238,0
DA:1239,0
DA:1241,0
DA:1244,0
DA:1245,0
DA:1247,0
DA:1248,0
DA:1249,0
DA:1250,0
DA:1255,0
DA:1256,0
DA:1257,0
DA:1265,0
DA:1266,0
DA:1267,0
DA:1269,0
DA:1283,2
DA:1284,2
DA:1285,1
DA:1286,1
DA:1287,1
DA:1288,1
DA:1289,1
DA:1290,1
DA:1291,1
DA:1294,1
DA:1295,0
DA:1304,0
DA:1305,0
DA:1306,0
DA:1308,0
DA:1309,0
DA:1310,0
DA:1312,0
DA:1313,0
DA:1314,0
DA:1315,0
DA:1316,0
DA:1317,0
DA:1319,0
DA:1320,0
DA:1321,0
DA:1324,0
DA:1325,0
DA:1328,0
DA:1329,0
DA:1333,0
DA:1336,0
DA:1339,0
DA:1340,0
DA:1348,0
DA:1349,0
DA:1350,0
DA:1351,0
DA:1357,0
DA:1358,0
DA:1372,30
DA:1374,30
DA:1375,30
DA:1376,2
DA:1377,1
DA:1378,0
DA:1379,0
DA:1381,0
DA:1382,0
DA:1383,0
DA:1384,0
DA:1386,30
DA:1387,34
DA:1388,22
DA:1389,22
DA:1390,22
DA:1391,1
DA:1392,1
DA:1393,1
DA:1394,1
DA:1396,30
DA:1397,1
DA:1398,1
DA:1407,30
DA:1408,27
DA:1411,30
DA:1412,1
DA:1418,1
DA:1420,1
DA:1423,1
DA:1425,1
DA:1426,1
DA:1427,1
DA:1428,1
DA:1429,0
DA:1430,0
DA:1431,0
DA:1433,0
DA:1434,0
DA:1435,0
DA:1439,1
DA:1440,1
DA:1441,1
DA:1442,1
DA:1443,1
DA:1444,1
DA:1445,1
DA:1446,1
DA:1447,1
DA:1449,1
DA:1450,1
DA:1455,1
DA:1458,1
DA:1459,1
DA:1462,0
DA:1463,0
DA:1464,0
DA:1467,1
DA:1468,0
DA:1469,0
DA:1472,0
DA:1473,0
DA:1474,0
DA:1475,0
DA:1477,0
DA:1479,0
DA:1491,0
DA:1492,0
DA:1495,0
DA:1496,0
DA:1497,0
DA:1500,0
DA:1502,0
DA:1503,0
DA:1505,0
DA:1506,0
DA:1507,0
DA:1512,0
DA:1513,0
DA:1514,0
DA:1517,0
DA:1518,0
DA:1519,0
DA:1522,0
DA:1524,0
DA:1525,0
DA:1527,0
DA:1528,0
DA:1529,0
DA:1534,0
DA:1535,0
DA:1536,0
DA:1537,0
DA:1540,0
DA:1541,0
DA:1542,0
DA:1553,1
DA:1554,1
DA:1555,2
DA:1557,2
DA:1559,2
DA:1560,2
DA:1563,0
DA:1564,0
DA:1565,0
DA:1566,0
DA:1567,0
DA:1568,0
DA:1569,0
DA:1570,0
DA:1571,0
DA:1574,2
DA:1576,1
DA:1577,1
DA:1578,1
DA:1579,1
DA:1580,1
DA:1581,1
DA:1583,2
DA:1593,2
DA:1595,0
DA:1596,0
DA:1600,0
DA:1601,0
DA:1602,0
DA:1606,0
DA:1607,0
DA:1609,0
DA:1610,0
DA:1611,0
DA:1614,0
DA:1615,0
DA:1616,0
DA:1617,0
DA:1621,0
DA:1622,0
DA:1623,0
DA:1627,0
DA:1628,0
DA:1629,0
DA:1633,0
DA:1634,0
DA:1636,0
DA:1637,0
DA:1638,0
DA:1640,0
DA:1641,0
DA:1642,0
DA:1643,0
DA:1645,0
DA:1648,0
DA:1649,0
DA:1650,0
DA:1657,0
DA:1658,0
DA:1659,0
DA:1668,1
DA:1669,1
DA:1671,1
DA:1674,1
DA:1675,0
DA:1676,0
DA:1681,1
DA:1682,1
DA:1685,1
DA:1686,0
DA:1687,0
DA:1690,1
DA:1691,0
DA:1692,0
DA:1693,0
DA:1696,1
DA:1697,1
DA:1698,1
DA:1705,1
DA:1706,0
DA:1707,0
DA:1718,1
DA:1719,1
DA:1720,1
DA:1722,1
DA:1723,1
DA:1726,0
DA:1727,0
DA:1728,0
DA:1735,0
DA:1736,0
DA:1739,0
DA:1740,0
DA:1741,0
DA:1744,0
DA:1746,0
DA:1757,0
DA:1758,0
DA:1760,0
DA:1762,0
DA:1763,0
DA:1764,0
DA:1765,0
DA:1766,0
DA:1767,0
DA:1770,0
DA:1771,0
DA:1772,0
DA:1776,0
DA:1777,0
DA:1778,0
DA:1779,0
DA:1781,0
DA:1784,0
DA:1785,0
DA:1788,0
DA:1789,0
DA:1791,0
DA:1794,0
DA:1795,0
DA:1796,0
DA:1797,0
DA:1798,0
DA:1799,0
DA:1804,0
DA:1805,0
DA:1806,0
DA:1814,0
DA:1824,1
DA:1825,1
DA:1826,1
DA:1827,1
DA:1828,1
DA:1829,1
DA:1830,1
DA:1831,1
DA:1834,1
DA:1835,0
DA:1845,0
DA:1846,0
DA:1847,0
DA:1849,0
DA:1850,0
DA:1851,0
DA:1853,0
DA:1854,0
DA:1855,0
DA:1856,0
DA:1857,0
DA:1858,0
DA:1860,0
DA:1861,0
DA:1862,0
DA:1865,0
DA:1866,0
DA:1869,0
DA:1870,0
DA:1874,0
DA:1877,0
DA:1880,0
DA:1881,0
DA:1888,0
DA:1889,0
DA:1890,0
DA:1891,0
DA:1897,0
DA:1898,0
DA:1907,30
DA:1919,24
DA:1920,23
DA:1921,23
DA:1922,23
DA:1923,1
DA:1925,0
DA:1926,0
DA:1928,0
DA:1929,0
DA:1930,0
DA:1939,24
DA:1940,24
DA:1948,24
DA:1949,1
DA:1955,24
DA:1960,78
DA:1961,78
DA:1962,78
DA:1963,78
LF:902
LH:440
BRDA:46,0,0,24
BRDA:56,1,0,24
BRDA:57,2,0,24
BRDA:58,3,0,24
BRDA:73,4,0,24
BRDA:73,4,1,23
BRDA:74,5,0,24
BRDA:74,5,1,23
BRDA:76,6,0,137
BRDA:77,7,0,132
BRDA:77,7,1,5
BRDA:82,8,0,5
BRDA:82,8,1,0
BRDA:84,9,0,0
BRDA:84,9,1,137
BRDA:102,10,0,4
BRDA:102,10,1,27
BRDA:107,11,0,1
BRDA:107,11,1,30
BRDA:114,12,0,30
BRDA:114,12,1,2
BRDA:116,13,0,0
BRDA:116,13,1,2
BRDA:123,14,0,35
BRDA:123,14,1,2
BRDA:125,15,0,0
BRDA:125,15,1,2
BRDA:138,16,0,0
BRDA:138,16,1,0
BRDA:140,17,0,0
BRDA:140,17,1,0
BRDA:147,18,0,0
BRDA:147,18,1,0
BRDA:149,19,0,0
BRDA:149,19,1,0
BRDA:162,20,0,2
BRDA:162,20,1,0
BRDA:164,21,0,0
BRDA:164,21,1,0
BRDA:173,22,0,26
BRDA:173,22,1,3
BRDA:174,23,0,3
BRDA:174,23,1,0
BRDA:174,24,0,29
BRDA:174,24,1,0
BRDA:178,25,0,0
BRDA:178,25,1,0
BRDA:179,26,0,0
BRDA:179,26,1,0
BRDA:188,27,0,27
BRDA:188,27,1,0
BRDA:191,28,0,0
BRDA:191,28,1,0
BRDA:191,29,0,0
BRDA:191,29,1,0
BRDA:195,30,0,0
BRDA:195,30,1,56
BRDA:201,31,0,0
BRDA:201,31,1,0
BRDA:201,32,0,0
BRDA:201,32,1,0
BRDA:202,33,0,0
BRDA:202,33,1,0
BRDA:203,34,0,0
BRDA:203,34,1,0
BRDA:205,35,0,0
BRDA:205,35,1,0
BRDA:209,36,0,0
BRDA:209,36,1,0
BRDA:209,37,0,0
BRDA:209,37,1,0
BRDA:210,38,0,0
BRDA:210,38,1,0
BRDA:211,39,0,0
BRDA:211,39,1,0
BRDA:213,40,0,0
BRDA:213,40,1,0
BRDA:229,41,0,0
BRDA:229,41,1,27
BRDA:237,42,0,0
BRDA:237,42,1,27
BRDA:238,43,0,27
BRDA:238,43,1,27
BRDA:247,44,0,1
BRDA:247,44,1,1
BRDA:247,45,0,2
BRDA:247,45,1,1
BRDA:248,46,0,1
BRDA:248,46,1,1
BRDA:251,47,0,0
BRDA:251,47,1,0
BRDA:252,48,0,23
BRDA:252,48,1,19
BRDA:261,49,0,72
BRDA:261,49,1,72
BRDA:263,50,0,24
BRDA:265,51,0,24
BRDA:265,51,1,0
BRDA:266,52,0,0
BRDA:266,52,1,0
BRDA:275,53,0,0
BRDA:275,53,1,0
BRDA:275,54,0,0
BRDA:275,54,1,0
BRDA:282,55,0,0
BRDA:282,55,1,24
BRDA:282,56,0,24
BRDA:282,56,1,16
BRDA:282,56,2,3
BRDA:289,57,0,36
BRDA:289,57,1,186
BRDA:290,58,0,185
BRDA:290,58,1,1
BRDA:295,59,0,24
BRDA:295,59,1,16
BRDA:296,60,0,24
BRDA:296,60,1,11
BRDA:306,61,0,1
BRDA:306,61,1,23
BRDA:311,62,0,19
BRDA:311,62,1,35
BRDA:316,63,0,0
BRDA:316,63,1,2
BRDA:316,64,0,2
BRDA:316,64,1,2
BRDA:317,65,0,0
BRDA:317,65,1,2
BRDA:320,66,0,0
BRDA:320,66,1,2
BRDA:323,67,0,0
BRDA:323,67,1,0
BRDA:323,68,0,0
BRDA:323,68,1,0
BRDA:325,69,0,1
BRDA:325,69,1,1
BRDA:331,70,0,31
BRDA:331,70,1,0
BRDA:342,71,0,31
BRDA:342,71,1,30
BRDA:342,71,2,2
BRDA:344,72,0,0
BRDA:344,72,1,31
BRDA:344,73,0,31
BRDA:344,73,1,6
BRDA:345,74,0,0
BRDA:345,74,1,31
BRDA:345,75,0,31
BRDA:345,75,1,25
BRDA:346,76,0,0
BRDA:346,76,1,31
BRDA:346,77,0,31
BRDA:346,77,1,2
BRDA:354,78,0,6
BRDA:354,78,1,15
BRDA:357,79,0,2
BRDA:357,79,1,4
BRDA:357,80,0,6
BRDA:357,80,1,5
BRDA:359,81,0,15
BRDA:359,81,1,6
BRDA:369,82,0,0
BRDA:369,82,1,0
BRDA:371,83,0,0
BRDA:371,83,1,0
BRDA:372,84,0,0
BRDA:372,84,1,0
BRDA:379,85,0,0
BRDA:379,85,1,0
BRDA:379,85,2,0
BRDA:381,86,0,0
BRDA:381,86,1,0
BRDA:382,87,0,0
BRDA:382,87,1,0
BRDA:383,88,0,0
BRDA:383,88,1,0
BRDA:391,89,0,0
BRDA:391,89,1,0
BRDA:392,90,0,0
BRDA:392,90,1,0
BRDA:410,91,0,159
BRDA:410,91,1,4
BRDA:429,92,0,24
BRDA:429,92,1,6
BRDA:434,93,0,27
BRDA:434,93,1,0
BRDA:436,94,0,0
BRDA:436,94,1,0
BRDA:439,95,0,0
BRDA:439,95,1,0
BRDA:448,96,0,0
BRDA:448,96,1,0
BRDA:448,97,0,0
BRDA:448,97,1,0
BRDA:448,97,2,0
BRDA:453,98,0,0
BRDA:453,98,1,0
BRDA:454,99,0,0
BRDA:454,99,1,0
BRDA:455,100,0,0
BRDA:455,100,1,0
BRDA:456,101,0,0
BRDA:456,101,1,0
BRDA:510,102,0,0
BRDA:510,102,1,1
BRDA:514,103,0,1
BRDA:514,103,1,1
BRDA:514,103,2,1
BRDA:516,104,0,0
BRDA:516,104,1,0
BRDA:518,105,0,1
BRDA:518,105,1,0
BRDA:527,106,0,1
BRDA:527,106,1,0
BRDA:539,107,0,0
BRDA:539,107,1,0
BRDA:539,107,2,0
BRDA:539,107,3,0
BRDA:539,107,4,0
BRDA:549,108,0,2
BRDA:549,108,1,2
BRDA:549,108,2,2
BRDA:549,108,3,2
BRDA:559,109,0,0
BRDA:559,109,1,0
BRDA:559,109,2,0
BRDA:559,109,3,0
BRDA:569,110,0,2
BRDA:569,110,1,2
BRDA:569,110,2,2
BRDA:569,110,3,0
BRDA:569,110,4,0
BRDA:569,110,5,0
BRDA:600,111,0,0
BRDA:600,111,1,31
BRDA:602,112,0,0
BRDA:602,112,1,31
BRDA:609,113,0,31
BRDA:609,113,1,0
BRDA:609,114,0,31
BRDA:609,114,1,31
BRDA:617,115,0,0
BRDA:617,115,1,0
BRDA:618,116,0,0
BRDA:618,116,1,0
BRDA:618,116,2,0
BRDA:618,116,3,0
BRDA:621,117,0,0
BRDA:621,117,1,0
BRDA:621,117,2,0
BRDA:621,117,3,0
BRDA:645,118,0,1
BRDA:645,118,1,29
BRDA:653,119,0,0
BRDA:653,119,1,41
BRDA:659,120,0,1
BRDA:659,120,1,1
BRDA:660,121,0,1
BRDA:660,121,1,1
BRDA:663,122,0,2
BRDA:663,122,1,1
BRDA:665,123,0,1
BRDA:665,123,1,1
BRDA:666,124,0,0
BRDA:666,124,1,0
BRDA:669,125,0,0
BRDA:669,125,1,0
BRDA:670,126,0,0
BRDA:670,126,1,0
BRDA:672,127,0,0
BRDA:672,127,1,0
BRDA:672,128,0,0
BRDA:672,128,1,0
BRDA:681,129,0,30
BRDA:681,129,1,29
BRDA:686,130,0,1
BRDA:686,130,1,1
BRDA:688,131,0,0
BRDA:688,131,1,1
BRDA:692,132,0,22
BRDA:694,133,0,0
BRDA:694,133,1,22
BRDA:698,134,0,21
BRDA:698,134,1,1
BRDA:699,135,0,22
BRDA:699,135,1,0
BRDA:702,136,0,22
BRDA:702,136,1,22
BRDA:704,137,0,22
BRDA:704,137,1,22
BRDA:711,138,0,0
BRDA:711,138,1,0
BRDA:711,139,0,0
BRDA:711,139,1,0
BRDA:711,139,2,0
BRDA:714,140,0,0
BRDA:714,140,1,0
BRDA:714,141,0,0
BRDA:714,141,1,0
BRDA:714,141,2,0
BRDA:735,142,0,32
BRDA:735,142,1,3
BRDA:735,142,2,2
BRDA:735,142,3,2
BRDA:735,142,4,0
BRDA:744,143,0,0
BRDA:744,143,1,0
BRDA:744,143,2,0
BRDA:749,144,0,0
BRDA:749,144,1,0
BRDA:751,145,0,0
BRDA:751,145,1,0
BRDA:752,146,0,0
BRDA:752,146,1,0
BRDA:753,147,0,0
BRDA:753,147,1,0
BRDA:754,148,0,0
BRDA:754,148,1,0
BRDA:765,149,0,27
BRDA:765,149,1,24
BRDA:766,150,0,2
BRDA:766,150,1,28
BRDA:768,151,0,2
BRDA:768,151,1,0
BRDA:773,152,0,0
BRDA:773,152,1,2
BRDA:777,153,0,0
BRDA:777,153,1,0
BRDA:778,154,0,0
BRDA:778,154,1,0
BRDA:779,155,0,0
BRDA:779,155,1,0
BRDA:781,156,0,0
BRDA:781,156,1,0
BRDA:782,157,0,0
BRDA:782,157,1,0
BRDA:784,158,0,0
BRDA:784,158,1,0
BRDA:784,159,0,0
BRDA:784,159,1,0
BRDA:788,160,0,0
BRDA:788,160,1,2
BRDA:796,161,0,0
BRDA:796,161,1,0
BRDA:801,162,0,27
BRDA:801,162,1,3
BRDA:810,163,0,24
BRDA:810,163,1,24
BRDA:813,164,0,0
BRDA:813,164,1,24
BRDA:824,165,0,36
BRDA:824,165,1,2
BRDA:824,165,2,34
BRDA:824,165,3,0
BRDA:824,165,4,34
BRDA:824,165,5,0
BRDA:824,165,6,0
BRDA:824,165,7,34
BRDA:824,165,8,33
BRDA:824,165,9,32
BRDA:824,165,10,31
BRDA:824,165,11,31
BRDA:860,166,0,3
BRDA:860,166,1,21
BRDA:870,167,0,3
BRDA:870,167,1,2
BRDA:870,167,2,1
BRDA:870,167,3,0
BRDA:870,167,4,1
BRDA:870,167,5,0
BRDA:870,167,6,0
BRDA:870,167,7,1
BRDA:870,167,8,1
BRDA:870,167,9,0
BRDA:870,167,10,0
BRDA:887,168,0,3
BRDA:887,168,1,21
BRDA:897,169,0,24
BRDA:897,169,1,24
BRDA:907,170,0,21
BRDA:907,170,1,0
BRDA:908,171,0,21
BRDA:908,171,1,0
BRDA:912,172,0,1
BRDA:912,172,1,20
BRDA:927,173,0,27
BRDA:927,173,1,3
BRDA:930,174,0,2
BRDA:930,174,1,28
BRDA:938,175,0,2
BRDA:938,175,1,0
BRDA:940,176,0,0
BRDA:940,176,1,0
BRDA:940,176,2,0
BRDA:941,177,0,0
BRDA:941,177,1,0
BRDA:941,177,2,0
BRDA:952,178,0,0
BRDA:952,178,1,0
BRDA:952,179,0,0
BRDA:952,179,1,0
BRDA:952,179,2,0
BRDA:953,180,0,0
BRDA:953,180,1,0
BRDA:953,181,0,0
BRDA:953,181,1,0
BRDA:954,182,0,0
BRDA:954,182,1,0
BRDA:958,183,0,0
BRDA:958,183,1,0
BRDA:958,184,0,0
BRDA:958,184,1,0
BRDA:958,184,2,0
BRDA:959,185,0,0
BRDA:959,185,1,0
BRDA:959,186,0,0
BRDA:959,186,1,0
BRDA:960,187,0,0
BRDA:960,187,1,0
BRDA:966,188,0,0
BRDA:966,188,1,0
BRDA:969,189,0,0
BRDA:969,189,1,0
BRDA:971,190,0,0
BRDA:971,190,1,0
BRDA:973,191,0,0
BRDA:973,191,1,0
BRDA:979,192,0,0
BRDA:979,192,1,0
BRDA:979,192,2,0
BRDA:982,193,0,0
BRDA:982,193,1,0
BRDA:982,194,0,0
BRDA:982,194,1,0
BRDA:984,195,0,0
BRDA:984,195,1,0
BRDA:989,196,0,0
BRDA:989,196,1,0
BRDA:992,197,0,0
BRDA:992,197,1,0
BRDA:994,198,0,0
BRDA:994,198,1,0
BRDA:999,199,0,0
BRDA:999,199,1,0
BRDA:1006,200,0,0
BRDA:1006,200,1,0
BRDA:1022,201,0,3
BRDA:1022,201,1,2
BRDA:1027,202,0,0
BRDA:1027,202,1,0
BRDA:1028,203,0,0
BRDA:1028,203,1,0
BRDA:1037,204,0,0
BRDA:1037,204,1,0
BRDA:1037,205,0,0
BRDA:1037,205,1,0
BRDA:1038,206,0,0
BRDA:1038,206,1,0
BRDA:1038,207,0,0
BRDA:1038,207,1,0
BRDA:1039,208,0,0
BRDA:1039,208,1,0
BRDA:1044,209,0,0
BRDA:1044,209,1,0
BRDA:1049,210,0,0
BRDA:1049,210,1,0
BRDA:1052,211,0,0
BRDA:1052,211,1,0
BRDA:1054,212,0,0
BRDA:1054,212,1,0
BRDA:1055,213,0,0
BRDA:1055,213,1,0
BRDA:1056,214,0,0
BRDA:1056,214,1,0
BRDA:1057,215,0,0
BRDA:1057,215,1,0
BRDA:1057,216,0,0
BRDA:1057,216,1,0
BRDA:1060,217,0,1
BRDA:1060,217,1,2
BRDA:1063,218,0,1
BRDA:1063,218,1,1
BRDA:1069,219,0,1
BRDA:1069,219,1,1
BRDA:1085,220,0,1
BRDA:1085,220,1,0
BRDA:1087,221,0,0
BRDA:1087,221,1,1
BRDA:1091,222,0,0
BRDA:1091,222,1,0
BRDA:1095,223,0,0
BRDA:1095,223,1,0
BRDA:1098,224,0,0
BRDA:1098,224,1,0
BRDA:1106,225,0,1
BRDA:1106,225,1,0
BRDA:1110,226,0,0
BRDA:1110,226,1,1
BRDA:1112,227,0,0
BRDA:1112,227,1,0
BRDA:1122,228,0,1
BRDA:1122,228,1,0
BRDA:1122,229,0,1
BRDA:1122,229,1,1
BRDA:1130,230,0,1
BRDA:1130,230,1,0
BRDA:1134,231,0,0
BRDA:1134,231,1,1
BRDA:1134,232,0,1
BRDA:1134,232,1,0
BRDA:1138,233,0,0
BRDA:1138,233,1,0
BRDA:1138,234,0,0
BRDA:1138,234,1,0
BRDA:1154,235,0,2
BRDA:1154,235,1,0
BRDA:1161,236,0,0
BRDA:1161,236,1,0
BRDA:1171,237,0,0
BRDA:1171,237,1,0
BRDA:1171,238,0,0
BRDA:1171,238,1,0
BRDA:1175,239,0,0
BRDA:1175,239,1,0
BRDA:1176,240,0,0
BRDA:1176,240,1,0
BRDA:1177,241,0,0
BRDA:1177,241,1,0
BRDA:1177,242,0,0
BRDA:1177,242,1,0
BRDA:1180,243,0,0
BRDA:1180,243,1,0
BRDA:1203,244,0,0
BRDA:1203,244,1,0
BRDA:1203,245,0,0
BRDA:1203,245,1,0
BRDA:1205,246,0,0
BRDA:1205,246,1,0
BRDA:1213,247,0,0
BRDA:1213,247,1,0
BRDA:1215,248,0,0
BRDA:1215,248,1,0
BRDA:1223,249,0,0
BRDA:1223,249,1,0
BRDA:1224,250,0,0
BRDA:1224,250,1,0
BRDA:1224,251,0,0
BRDA:1224,251,1,0
BRDA:1227,252,0,0
BRDA:1227,252,1,0
BRDA:1233,253,0,0
BRDA:1233,253,1,0
BRDA:1239,254,0,0
BRDA:1239,254,1,0
BRDA:1241,255,0,0
BRDA:1241,255,1,0
BRDA:1248,256,0,0
BRDA:1248,256,1,0
BRDA:1255,257,0,0
BRDA:1255,257,1,0
BRDA:1255,258,0,0
BRDA:1255,258,1,0
BRDA:1262,259,0,0
BRDA:1262,259,1,0
BRDA:1266,260,0,0
BRDA:1266,260,1,0
BRDA:1266,261,0,0
BRDA:1266,261,1,0
BRDA:1286,262,0,0
BRDA:1286,262,1,1
BRDA:1287,263,0,0
BRDA:1287,263,1,1
BRDA:1289,264,0,0
BRDA:1289,264,1,1
BRDA:1289,265,0,1
BRDA:1289,265,1,1
BRDA:1290,266,0,0
BRDA:1290,266,1,1
BRDA:1294,267,0,0
BRDA:1294,267,1,1
BRDA:1308,268,0,0
BRDA:1308,268,1,0
BRDA:1312,269,0,0
BRDA:1312,269,1,0
BRDA:1313,270,0,0
BRDA:1313,270,1,0
BRDA:1316,271,0,0
BRDA:1316,271,1,0
BRDA:1317,272,0,0
BRDA:1317,272,1,0
BRDA:1321,273,0,0
BRDA:1321,273,1,0
BRDA:1321,274,0,0
BRDA:1321,274,1,0
BRDA:1324,275,0,0
BRDA:1324,275,1,0
BRDA:1325,276,0,0
BRDA:1325,276,1,0
BRDA:1328,277,0,0
BRDA:1328,277,1,0
BRDA:1328,278,0,0
BRDA:1328,278,1,0
BRDA:1329,279,0,0
BRDA:1329,279,1,0
BRDA:1329,280,0,0
BRDA:1329,280,1,0
BRDA:1339,281,0,0
BRDA:1339,281,1,0
BRDA:1357,282,0,0
BRDA:1357,282,1,0
BRDA:1376,283,0,1
BRDA:1376,283,1,1
BRDA:1377,284,0,1
BRDA:1377,284,1,0
BRDA:1377,285,0,1
BRDA:1377,285,1,0
BRDA:1379,286,0,0
BRDA:1379,286,1,0
BRDA:1379,287,0,0
BRDA:1379,287,1,0
BRDA:1381,288,0,0
BRDA:1381,288,1,0
BRDA:1381,289,0,0
BRDA:1381,289,1,0
BRDA:1382,290,0,0
BRDA:1382,290,1,0
BRDA:1383,291,0,0
BRDA:1383,291,1,0
BRDA:1387,292,0,12
BRDA:1387,292,1,22
BRDA:1388,293,0,0
BRDA:1388,293,1,22
BRDA:1390,294,0,21
BRDA:1390,294,1,1
BRDA:1390,295,0,22
BRDA:1390,295,1,22
BRDA:1391,296,0,0
BRDA:1391,296,1,1
BRDA:1391,297,0,1
BRDA:1391,297,1,0
BRDA:1392,298,0,0
BRDA:1392,298,1,1
BRDA:1393,299,0,1
BRDA:1393,299,1,0
BRDA:1397,300,0,1
BRDA:1397,300,1,0
BRDA:1408,301,0,27
BRDA:1408,301,1,3
BRDA:1411,302,0,1
BRDA:1411,302,1,29
BRDA:1427,303,0,0
BRDA:1427,303,1,1
BRDA:1428,304,0,1
BRDA:1428,304,1,1
BRDA:1429,305,0,0
BRDA:1429,305,1,0
BRDA:1429,306,0,0
BRDA:1429,306,1,0
BRDA:1429,306,2,0
BRDA:1430,307,0,0
BRDA:1430,307,1,0
BRDA:1433,308,0,0
BRDA:1433,308,1,0
BRDA:1433,309,0,0
BRDA:1433,309,1,0
BRDA:1433,309,2,0
BRDA:1434,310,0,0
BRDA:1434,310,1,0
BRDA:1439,311,0,1
BRDA:1441,312,0,0
BRDA:1441,312,1,1
BRDA:1444,313,0,1
BRDA:1444,313,1,1
BRDA:1446,314,0,1
BRDA:1446,314,1,0
BRDA:1449,315,0,1
BRDA:1449,315,1,0
BRDA:1459,316,0,1
BRDA:1459,316,1,0
BRDA:1462,317,0,0
BRDA:1462,317,1,0
BRDA:1462,317,2,0
BRDA:1463,318,0,0
BRDA:1463,318,1,0
BRDA:1463,318,2,0
BRDA:1473,319,0,0
BRDA:1473,319,1,0
BRDA:1473,320,0,0
BRDA:1473,320,1,0
BRDA:1473,320,2,0
BRDA:1474,321,0,0
BRDA:1474,321,1,0
BRDA:1477,322,0,0
BRDA:1477,322,1,0
BRDA:1492,323,0,0
BRDA:1492,323,1,0
BRDA:1492,323,2,0
BRDA:1492,323,3,0
BRDA:1492,323,4,0
BRDA:1495,324,0,0
BRDA:1495,324,1,0
BRDA:1495,325,0,0
BRDA:1495,325,1,0
BRDA:1497,326,0,0
BRDA:1497,326,1,0
BRDA:1500,327,0,0
BRDA:1500,327,1,0
BRDA:1503,328,0,0
BRDA:1503,328,1,0
BRDA:1503,328,2,0
BRDA:1503,328,3,0
BRDA:1505,329,0,0
BRDA:1505,329,1,0
BRDA:1505,330,0,0
BRDA:1505,330,1,0
BRDA:1507,331,0,0
BRDA:1507,331,1,0
BRDA:1512,332,0,0
BRDA:1512,332,1,0
BRDA:1514,333,0,0
BRDA:1514,333,1,0
BRDA:1514,333,2,0
BRDA:1514,333,3,0
BRDA:1514,333,4,0
BRDA:1517,334,0,0
BRDA:1517,334,1,0
BRDA:1517,335,0,0
BRDA:1517,335,1,0
BRDA:1519,336,0,0
BRDA:1519,336,1,0
BRDA:1522,337,0,0
BRDA:1522,337,1,0
BRDA:1525,338,0,0
BRDA:1525,338,1,0
BRDA:1525,338,2,0
BRDA:1525,338,3,0
BRDA:1527,339,0,0
BRDA:1527,339,1,0
BRDA:1527,340,0,0
BRDA:1527,340,1,0
BRDA:1529,341,0,0
BRDA:1529,341,1,0
BRDA:1540,342,0,0
BRDA:1540,342,1,0
BRDA:1547,343,0,0
BRDA:1547,343,1,0
BRDA:1560,344,0,2
BRDA:1560,344,1,1
BRDA:1563,345,0,0
BRDA:1563,345,1,0
BRDA:1564,346,0,0
BRDA:1564,346,1,0
BRDA:1567,347,0,0
BRDA:1567,347,1,0
BRDA:1568,348,0,0
BRDA:1568,348,1,0
BRDA:1569,349,0,0
BRDA:1569,349,1,0
BRDA:1570,350,0,0
BRDA:1570,350,1,0
BRDA:1571,351,0,0
BRDA:1571,351,1,0
BRDA:1571,352,0,0
BRDA:1571,352,1,0
BRDA:1574,353,0,1
BRDA:1574,353,1,1
BRDA:1581,354,0,1
BRDA:1581,354,1,1
BRDA:1593,355,0,0
BRDA:1593,355,1,1
BRDA:1596,356,0,0
BRDA:1596,356,1,0
BRDA:1596,356,2,0
BRDA:1596,356,3,0
BRDA:1596,356,4,0
BRDA:1600,357,0,0
BRDA:1600,357,1,0
BRDA:1600,358,0,0
BRDA:1600,358,1,0
BRDA:1607,359,0,0
BRDA:1607,359,1,0
BRDA:1609,360,0,0
BRDA:1609,360,1,0
BRDA:1611,361,0,0
BRDA:1611,361,1,0
BRDA:1621,362,0,0
BRDA:1621,362,1,0
BRDA:1623,363,0,0
BRDA:1623,363,1,0
BRDA:1623,363,2,0
BRDA:1623,363,3,0
BRDA:1627,364,0,0
BRDA:1627,364,1,0
BRDA:1627,365,0,0
BRDA:1627,365,1,0
BRDA:1634,366,0,0
BRDA:1634,366,1,0
BRDA:1636,367,0,0
BRDA:1636,367,1,0
BRDA:1638,368,0,0
BRDA:1638,368,1,0
BRDA:1648,369,0,0
BRDA:1648,369,1,0
BRDA:1655,370,0,0
BRDA:1655,370,1,0
BRDA:1658,371,0,0
BRDA:1658,371,1,0
BRDA:1658,372,0,0
BRDA:1658,372,1,0
BRDA:1669,373,0,0
BRDA:1669,373,1,1
BRDA:1671,374,0,1
BRDA:1671,374,1,1
BRDA:1674,375,0,0
BRDA:1674,375,1,1
BRDA:1674,376,0,1
BRDA:1674,376,1,0
BRDA:1682,377,0,1
BRDA:1682,377,1,0
BRDA:1685,378,0,0
BRDA:1685,378,1,1
BRDA:1687,379,0,0
BRDA:1687,379,1,0
BRDA:1696,380,0,1
BRDA:1696,380,1,0
BRDA:1696,381,0,1
BRDA:1696,381,1,1
BRDA:1703,382,0,1
BRDA:1703,382,1,0
BRDA:1706,383,0,0
BRDA:1706,383,1,0
BRDA:1706,384,0,0
BRDA:1706,384,1,0
BRDA:1723,385,0,1
BRDA:1723,385,1,0
BRDA:1731,386,0,0
BRDA:1731,386,1,0
BRDA:1732,387,0,0
BRDA:1732,387,1,0
BRDA:1735,388,0,0
BRDA:1735,388,1,0
BRDA:1735,389,0,0
BRDA:1735,389,1,0
BRDA:1739,390,0,0
BRDA:1739,390,1,0
BRDA:1740,391,0,0
BRDA:1740,391,1,0
BRDA:1741,392,0,0
BRDA:1741,392,1,0
BRDA:1741,393,0,0
BRDA:1741,393,1,0
BRDA:1744,394,0,0
BRDA:1744,394,1,0
BRDA:1764,395,0,0
BRDA:1764,395,1,0
BRDA:1765,396,0,0
BRDA:1765,396,1,0
BRDA:1766,397,0,0
BRDA:1766,397,1,0
BRDA:1766,398,0,0
BRDA:1766,398,1,0
BRDA:1770,399,0,0
BRDA:1770,399,1,0
BRDA:1772,400,0,0
BRDA:1772,400,1,0
BRDA:1777,401,0,0
BRDA:1777,401,1,0
BRDA:1778,402,0,0
BRDA:1778,402,1,0
BRDA:1778,403,0,0
BRDA:1778,403,1,0
BRDA:1781,404,0,0
BRDA:1781,404,1,0
BRDA:1785,405,0,0
BRDA:1785,405,1,0
BRDA:1789,406,0,0
BRDA:1789,406,1,0
BRDA:1791,407,0,0
BRDA:1791,407,1,0
BRDA:1797,408,0,0
BRDA:1797,408,1,0
BRDA:1804,409,0,0
BRDA:1804,409,1,0
BRDA:1804,410,0,0
BRDA:1804,410,1,0
BRDA:1811,411,0,0
BRDA:1811,411,1,0
BRDA:1827,412,0,0
BRDA:1827,412,1,1
BRDA:1828,413,0,0
BRDA:1828,413,1,1
BRDA:1830,414,0,0
BRDA:1830,414,1,1
BRDA:1830,415,0,1
BRDA:1830,415,1,1
BRDA:1834,416,0,0
BRDA:1834,416,1,1
BRDA:1849,417,0,0
BRDA:1849,417,1,0
BRDA:1853,418,0,0
BRDA:1853,418,1,0
BRDA:1854,419,0,0
BRDA:1854,419,1,0
BRDA:1857,420,0,0
BRDA:1857,420,1,0
BRDA:1858,421,0,0
BRDA:1858,421,1,0
BRDA:1862,422,0,0
BRDA:1862,422,1,0
BRDA:1862,423,0,0
BRDA:1862,423,1,0
BRDA:1865,424,0,0
BRDA:1865,424,1,0
BRDA:1866,425,0,0
BRDA:1866,425,1,0
BRDA:1869,426,0,0
BRDA:1869,426,1,0
BRDA:1869,427,0,0
BRDA:1869,427,1,0
BRDA:1870,428,0,0
BRDA:1870,428,1,0
BRDA:1870,429,0,0
BRDA:1870,429,1,0
BRDA:1880,430,0,0
BRDA:1880,430,1,0
BRDA:1897,431,0,0
BRDA:1897,431,1,0
BRDA:1920,432,0,0
BRDA:1920,432,1,23
BRDA:1922,433,0,22
BRDA:1922,433,1,1
BRDA:1923,434,0,1
BRDA:1923,434,1,0
BRDA:1926,435,0,0
BRDA:1926,435,1,0
BRDA:1928,436,0,0
BRDA:1928,436,1,0
BRDA:1934,437,0,0
BRDA:1934,437,1,0
BRDA:1948,438,0,1
BRDA:1948,438,1,23
BRF:940
BRH:271
end_of_record
TN:
SF:src/components/schedule/costFunction.js
FN:76,(anonymous_0)
FN:121,(anonymous_1)
FN:131,(anonymous_2)
FN:170,(anonymous_3)
FN:246,(anonymous_4)
FN:251,(anonymous_5)
FN:258,(anonymous_6)
FN:264,(anonymous_7)
FN:271,(anonymous_8)
FN:273,(anonymous_9)
FN:287,(anonymous_10)
FN:306,(anonymous_11)
FN:308,(anonymous_12)
FN:309,(anonymous_13)
FN:311,(anonymous_14)
FN:324,(anonymous_15)
FN:346,(anonymous_16)
FN:348,(anonymous_17)
FN:357,(anonymous_18)
FN:366,(anonymous_19)
FN:387,(anonymous_20)
FN:410,(anonymous_21)
FN:424,(anonymous_22)
FN:425,(anonymous_23)
FN:429,(anonymous_24)
FN:433,(anonymous_25)
FN:457,(anonymous_26)
FN:477,(anonymous_27)
FN:492,(anonymous_28)
FN:499,(anonymous_29)
FN:503,(anonymous_30)
FN:540,(anonymous_31)
FN:552,(anonymous_32)
FN:553,(anonymous_33)
FN:554,(anonymous_34)
FN:561,(anonymous_35)
FN:570,(anonymous_36)
FN:591,(anonymous_37)
FN:599,(anonymous_38)
FN:600,(anonymous_39)
FN:622,(anonymous_40)
FN:623,(anonymous_41)
FN:624,(anonymous_42)
FNF:43
FNH:23
FNDA:40,(anonymous_0)
FNDA:0,(anonymous_1)
FNDA:16,(anonymous_2)
FNDA:102,(anonymous_3)
FNDA:102,(anonymous_4)
FNDA:3,(anonymous_5)
FNDA:1,(anonymous_6)
FNDA:4,(anonymous_7)
FNDA:2,(anonymous_8)
FNDA:1,(anonymous_9)
FNDA:101,(anonymous_10)
FNDA:101,(anonymous_11)
FNDA:2,(anonymous_12)
FNDA:2,(anonymous_13)
FNDA:0,(anonymous_14)
FNDA:99,(anonymous_15)
FNDA:99,(anonymous_16)
FNDA:2,(anonymous_17)
FNDA:1,(anonymous_18)
FNDA:1,(anonymous_19)
FNDA:98,(anonymous_20)
FNDA:98,(anonymous_21)
FNDA:0,(anonymous_22)
FNDA:0,(anonymous_23)
FNDA:0,(anonymous_24)
FNDA:0,(anonymous_25)
FNDA:99,(anonymous_26)
FNDA:101,(anonymous_27)
FNDA:2,(anonymous_28)
FNDA:0,(anonymous_29)
FNDA:0,(anonymous_30)
FNDA:0,(anonymous_31)
FNDA:0,(anonymous_32)
FNDA:0,(anonymous_33)
FNDA:0,(anonymous_34)
FNDA:0,(anonymous_35)
FNDA:0,(anonymous_36)
FNDA:0,(anonymous_37)
FNDA:0,(anonymous_38)
FNDA:0,(anonymous_39)
FNDA:0,(anonymous_40)
FNDA:0,(anonymous_41)
FNDA:0,(anonymous_42)
DA:26,2
DA:103,40
DA:104,40
DA:105,40
DA:106,40
DA:107,40
DA:108,40
DA:109,40
DA:110,40
DA:111,40
DA:112,40
DA:113,40
DA:114,40
DA:115,40
DA:116,40
DA:117,40
DA:118,40
DA:119,40
DA:121,40
DA:122,0
DA:123,0
DA:124,0
DA:126,40
DA:127,40
DA:128,40
DA:129,40
DA:130,40
DA:131,40
DA:132,40
DA:135,40
DA:136,40
DA:137,40
DA:138,40
DA:139,40
DA:142,40
DA:143,40
DA:144,43
DA:171,102
DA:174,102
DA:175,0
DA:179,102
DA:180,102
DA:181,101
DA:184,101
DA:187,101
DA:188,99
DA:192,101
DA:193,99
DA:195,99
DA:196,99
DA:201,101
DA:202,99
DA:203,99
DA:204,98
DA:208,100
DA:209,99
DA:213,100
DA:214,102
DA:217,102
DA:218,100
DA:219,100
DA:223,100
DA:224,0
DA:228,100
DA:229,98
DA:230,98
DA:231,98
DA:235,100
DA:236,98
DA:239,100
DA:247,102
DA:250,102
DA:251,102
DA:252,1
DA:256,101
DA:257,102
DA:258,102
DA:259,1
DA:263,101
DA:264,102
DA:265,1
DA:269,101
DA:270,102
DA:271,2
DA:272,1
DA:273,1
DA:274,0
DA:276,1
DA:280,101
DA:288,101
DA:289,101
DA:291,2
DA:292,2
DA:294,101
DA:295,1
DA:296,1
DA:299,1
DA:300,1
DA:303,0
DA:307,101
DA:308,2
DA:310,2
DA:311,0
DA:312,0
DA:314,0
DA:316,2
DA:325,99
DA:326,99
DA:329,99
DA:330,99
DA:331,12
DA:332,87
DA:333,72
DA:335,15
DA:339,99
DA:348,99
DA:349,2
DA:354,99
DA:357,98
DA:358,1
DA:363,98
DA:366,98
DA:367,1
DA:372,98
DA:373,1
DA:374,1
DA:380,97
DA:388,98
DA:389,98
DA:391,98
DA:392,98
DA:393,98
DA:394,98
DA:395,98
DA:397,98
DA:398,98
DA:399,98
DA:401,98
DA:411,98
DA:414,98
DA:417,98
DA:420,0
DA:421,0
DA:422,0
DA:424,0
DA:425,0
DA:426,0
DA:427,0
DA:429,0
DA:430,0
DA:434,0
DA:439,98
DA:440,0
DA:443,0
DA:445,0
DA:448,0
DA:458,99
DA:459,99
DA:462,99
DA:463,0
DA:469,99
DA:470,0
DA:473,99
DA:477,99
DA:478,101
DA:483,99
DA:484,2
DA:485,2
DA:486,2
DA:488,2
DA:492,2
DA:493,2
DA:494,0
DA:497,0
DA:498,2
DA:499,2
DA:502,0
DA:503,2
DA:505,0
DA:508,2
DA:509,2
DA:511,2
DA:513,2
DA:514,0
DA:516,0
DA:517,0
DA:519,0
DA:524,99
DA:541,0
DA:542,0
DA:545,0
DA:546,0
DA:547,0
DA:548,0
DA:549,0
DA:552,0
DA:553,0
DA:554,0
DA:555,0
DA:558,0
DA:559,0
DA:560,0
DA:561,0
DA:562,0
DA:564,0
DA:570,0
DA:571,0
DA:575,0
DA:576,0
DA:577,0
DA:578,0
DA:580,0
DA:581,0
DA:582,0
DA:585,0
DA:590,0
DA:591,0
DA:593,0
DA:594,0
DA:595,0
DA:597,0
DA:598,0
DA:599,0
DA:600,0
DA:601,0
DA:603,0
DA:605,0
DA:606,0
DA:607,0
DA:608,0
DA:614,0
DA:615,0
DA:616,0
DA:617,0
DA:618,0
DA:619,0
DA:622,0
DA:623,0
DA:624,0
DA:625,0
DA:627,0
LF:241
LH:154
BRDA:107,0,0,40
BRDA:107,0,1,0
BRDA:113,1,0,40
BRDA:113,1,1,0
BRDA:114,2,0,40
BRDA:114,2,1,0
BRDA:115,3,0,40
BRDA:115,3,1,0
BRDA:118,4,0,40
BRDA:118,4,1,0
BRDA:118,5,0,0
BRDA:118,5,1,0
BRDA:119,6,0,40
BRDA:119,6,1,0
BRDA:119,7,0,0
BRDA:119,7,1,0
BRDA:121,8,0,40
BRDA:121,8,1,0
BRDA:122,9,0,0
BRDA:122,9,1,0
BRDA:123,10,0,0
BRDA:123,10,1,0
BRDA:130,11,0,40
BRDA:130,11,1,0
BRDA:131,12,0,40
BRDA:131,12,1,16
BRDA:170,13,0,102
BRDA:174,14,0,0
BRDA:174,14,1,102
BRDA:180,15,0,1
BRDA:180,15,1,101
BRDA:187,16,0,99
BRDA:187,16,1,2
BRDA:192,17,0,99
BRDA:192,17,1,2
BRDA:192,18,0,101
BRDA:192,18,1,99
BRDA:193,19,0,99
BRDA:193,19,1,99
BRDA:195,20,0,99
BRDA:195,20,1,0
BRDA:201,21,0,99
BRDA:201,21,1,2
BRDA:203,22,0,1
BRDA:203,22,1,98
BRDA:208,23,0,99
BRDA:208,23,1,1
BRDA:208,24,0,100
BRDA:208,24,1,2
BRDA:213,25,0,100
BRDA:213,25,1,66
BRDA:217,26,0,100
BRDA:217,26,1,2
BRDA:218,27,0,100
BRDA:218,27,1,100
BRDA:223,28,0,0
BRDA:223,28,1,100
BRDA:223,29,0,100
BRDA:223,29,1,1
BRDA:228,30,0,98
BRDA:228,30,1,2
BRDA:230,31,0,0
BRDA:230,31,1,98
BRDA:235,32,0,98
BRDA:235,32,1,2
BRDA:247,33,0,102
BRDA:247,33,1,0
BRDA:250,34,0,102
BRDA:250,34,1,0
BRDA:251,35,0,1
BRDA:251,35,1,101
BRDA:251,36,0,102
BRDA:251,36,1,3
BRDA:256,37,0,101
BRDA:256,37,1,0
BRDA:258,38,0,1
BRDA:258,38,1,101
BRDA:258,39,0,102
BRDA:258,39,1,1
BRDA:263,40,0,101
BRDA:263,40,1,0
BRDA:264,41,0,1
BRDA:264,41,1,101
BRDA:264,42,0,102
BRDA:264,42,1,4
BRDA:269,43,0,101
BRDA:269,43,1,0
BRDA:270,44,0,2
BRDA:270,44,1,100
BRDA:271,45,0,1
BRDA:271,45,1,1
BRDA:273,46,0,0
BRDA:273,46,1,1
BRDA:289,47,0,99
BRDA:289,47,1,2
BRDA:292,48,0,2
BRDA:292,48,1,1
BRDA:294,49,0,1
BRDA:294,49,1,100
BRDA:295,50,0,1
BRDA:295,50,1,1
BRDA:296,51,0,0
BRDA:296,51,1,1
BRDA:299,52,0,1
BRDA:299,52,1,0
BRDA:308,53,0,2
BRDA:308,53,1,2
BRDA:308,53,2,2
BRDA:310,54,0,0
BRDA:310,54,1,2
BRDA:312,55,0,0
BRDA:312,55,1,0
BRDA:314,56,0,0
BRDA:314,56,1,0
BRDA:325,57,0,99
BRDA:325,57,1,15
BRDA:326,58,0,99
BRDA:326,58,1,0
BRDA:330,59,0,12
BRDA:330,59,1,87
BRDA:332,60,0,72
BRDA:332,60,1,15
BRDA:335,61,0,15
BRDA:335,61,1,15
BRDA:335,62,0,15
BRDA:335,62,1,15
BRDA:339,63,0,99
BRDA:339,63,1,0
BRDA:349,64,0,2
BRDA:349,64,1,2
BRDA:349,64,2,2
BRDA:349,64,3,1
BRDA:354,65,0,1
BRDA:354,65,1,98
BRDA:358,66,0,1
BRDA:358,66,1,1
BRDA:358,66,2,1
BRDA:358,66,3,0
BRDA:363,67,0,0
BRDA:363,67,1,98
BRDA:367,68,0,1
BRDA:367,68,1,1
BRDA:367,68,2,1
BRDA:367,68,3,1
BRDA:367,68,4,0
BRDA:372,69,0,1
BRDA:372,69,1,97
BRDA:373,70,0,1
BRDA:373,70,1,0
BRDA:373,71,0,1
BRDA:373,71,1,1
BRDA:374,72,0,1
BRDA:374,72,1,0
BRDA:388,73,0,98
BRDA:388,73,1,14
BRDA:389,74,0,98
BRDA:389,74,1,0
BRDA:395,75,0,98
BRDA:395,75,1,96
BRDA:395,75,2,4
BRDA:397,76,0,0
BRDA:397,76,1,98
BRDA:397,77,0,98
BRDA:397,77,1,12
BRDA:398,78,0,0
BRDA:398,78,1,98
BRDA:398,79,0,98
BRDA:398,79,1,72
BRDA:399,80,0,0
BRDA:399,80,1,98
BRDA:399,81,0,98
BRDA:399,81,1,4
BRDA:411,82,0,0
BRDA:411,82,1,98
BRDA:414,83,0,98
BRDA:414,83,1,98
BRDA:415,84,0,0
BRDA:415,84,1,98
BRDA:417,85,0,98
BRDA:417,85,1,0
BRDA:429,86,0,0
BRDA:429,86,1,0
BRDA:430,87,0,0
BRDA:430,87,1,0
BRDA:430,87,2,0
BRDA:430,87,3,0
BRDA:433,88,0,0
BRDA:433,88,1,0
BRDA:434,89,0,0
BRDA:434,89,1,0
BRDA:434,89,2,0
BRDA:434,89,3,0
BRDA:439,90,0,0
BRDA:439,90,1,98
BRDA:439,91,0,98
BRDA:439,91,1,0
BRDA:443,92,0,0
BRDA:443,92,1,0
BRDA:445,93,0,0
BRDA:445,93,1,0
BRDA:459,94,0,0
BRDA:459,94,1,99
BRDA:459,95,0,99
BRDA:459,95,1,99
BRDA:462,96,0,0
BRDA:462,96,1,99
BRDA:462,97,0,99
BRDA:462,97,1,0
BRDA:469,98,0,0
BRDA:469,98,1,99
BRDA:478,99,0,101
BRDA:478,99,1,2
BRDA:478,99,2,2
BRDA:484,100,0,2
BRDA:484,100,1,2
BRDA:485,101,0,2
BRDA:485,101,1,0
BRDA:485,102,0,2
BRDA:485,102,1,0
BRDA:486,103,0,2
BRDA:486,103,1,0
BRDA:488,104,0,0
BRDA:488,104,1,2
BRDA:493,105,0,2
BRDA:493,105,1,0
BRDA:494,106,0,0
BRDA:494,106,1,0
BRDA:497,107,0,0
BRDA:497,107,1,0
BRDA:498,108,0,2
BRDA:498,108,1,0
BRDA:499,109,0,0
BRDA:499,109,1,2
BRDA:499,110,0,2
BRDA:499,110,1,0
BRDA:502,111,0,0
BRDA:502,111,1,0
BRDA:503,112,0,0
BRDA:503,112,1,2
BRDA:503,113,0,2
BRDA:503,113,1,0
BRDA:511,114,0,2
BRDA:511,114,1,0
BRDA:511,115,0,2
BRDA:511,115,1,2
BRDA:514,116,0,0
BRDA:514,116,1,0
BRDA:516,117,0,0
BRDA:516,117,1,0
BRDA:548,118,0,0
BRDA:548,118,1,0
BRDA:548,119,0,0
BRDA:548,119,1,0
BRDA:549,120,0,0
BRDA:549,120,1,0
BRDA:552,121,0,0
BRDA:552,121,1,0
BRDA:552,122,0,0
BRDA:552,122,1,0
BRDA:553,123,0,0
BRDA:553,123,1,0
BRDA:554,124,0,0
BRDA:554,124,1,0
BRDA:560,125,0,0
BRDA:560,125,1,0
BRDA:560,126,0,0
BRDA:560,126,1,0
BRDA:562,127,0,0
BRDA:562,127,1,0
BRDA:562,127,2,0
BRDA:564,128,0,0
BRDA:564,128,1,0
BRDA:571,129,0,0
BRDA:571,129,1,0
BRDA:576,130,0,0
BRDA:576,130,1,0
BRDA:576,131,0,0
BRDA:576,131,1,0
BRDA:578,132,0,0
BRDA:578,132,1,0
BRDA:581,133,0,0
BRDA:581,133,1,0
BRDA:594,134,0,0
BRDA:594,134,1,0
BRDA:595,135,0,0
BRDA:595,135,1,0
BRDA:597,136,0,0
BRDA:597,136,1,0
BRDA:597,137,0,0
BRDA:597,137,1,0
BRDA:598,138,0,0
BRDA:598,138,1,0
BRDA:601,139,0,0
BRDA:601,139,1,0
BRDA:605,140,0,0
BRDA:605,140,1,0
BRDA:607,141,0,0
BRDA:607,141,1,0
BRDA:618,142,0,0
BRDA:618,142,1,0
BRDA:619,143,0,0
BRDA:619,143,1,0
BRDA:622,144,0,0
BRDA:622,144,1,0
BRDA:622,145,0,0
BRDA:622,145,1,0
BRDA:623,146,0,0
BRDA:623,146,1,0
BRDA:624,147,0,0
BRDA:624,147,1,0
BRF:310
BRH:159
end_of_record
TN:
SF:src/components/schedule/holidayUtils.jsx
FN:5,getEaster
FN:43,(anonymous_1)
FN:55,(anonymous_2)
FN:60,(anonymous_3)
FN:77,(anonymous_4)
FN:97,(anonymous_5)
FN:109,(anonymous_6)
FN:109,(anonymous_7)
FN:128,(anonymous_8)
FN:131,(anonymous_9)
FN:133,(anonymous_10)
FN:146,(anonymous_11)
FN:147,(anonymous_12)
FN:154,(anonymous_13)
FN:154,(anonymous_14)
FN:164,(anonymous_15)
FN:164,(anonymous_16)
FN:171,(anonymous_17)
FN:190,(anonymous_18)
FN:202,(anonymous_19)
FN:207,(anonymous_20)
FN:214,(anonymous_21)
FN:223,(anonymous_22)
FN:224,(anonymous_23)
FNF:24
FNH:21
FNDA:71,getEaster
FNDA:23,(anonymous_1)
FNDA:23,(anonymous_2)
FNDA:1,(anonymous_3)
FNDA:69,(anonymous_4)
FNDA:736,(anonymous_5)
FNDA:3,(anonymous_6)
FNDA:1,(anonymous_7)
FNDA:3,(anonymous_8)
FNDA:33,(anonymous_9)
FNDA:33,(anonymous_10)
FNDA:2,(anonymous_11)
FNDA:2,(anonymous_12)
FNDA:3,(anonymous_13)
FNDA:1,(anonymous_14)
FNDA:3,(anonymous_15)
FNDA:0,(anonymous_16)
FNDA:0,(anonymous_17)
FNDA:18,(anonymous_18)
FNDA:5,(anonymous_19)
FNDA:0,(anonymous_20)
FNDA:3,(anonymous_21)
FNDA:2,(anonymous_22)
FNDA:1,(anonymous_23)
DA:6,71
DA:7,71
DA:8,71
DA:9,71
DA:10,71
DA:11,71
DA:12,71
DA:13,71
DA:14,71
DA:15,71
DA:16,71
DA:17,71
DA:18,71
DA:19,71
DA:20,71
DA:23,1
DA:44,23
DA:45,23
DA:46,23
DA:49,23
DA:50,23
DA:52,23
DA:58,23
DA:59,23
DA:60,21
DA:62,1
DA:64,1
DA:65,1
DA:68,1
DA:69,1
DA:74,23
DA:75,23
DA:77,23
DA:78,69
DA:79,68
DA:80,68
DA:92,68
DA:93,62
DA:94,62
DA:97,68
DA:99,736
DA:100,736
DA:101,736
DA:102,736
DA:103,736
DA:109,23
DA:111,1
DA:112,1
DA:114,1
DA:115,1
DA:116,1
DA:117,1
DA:118,1
DA:119,1
DA:120,1
DA:121,1
DA:128,23
DA:129,23
DA:131,1
DA:132,33
DA:133,33
DA:134,33
DA:135,33
DA:136,33
DA:138,33
DA:139,1
DA:145,23
DA:146,2
DA:147,2
DA:154,23
DA:156,1
DA:164,23
DA:170,23
DA:171,0
DA:172,0
DA:173,0
DA:186,23
DA:187,23
DA:194,18
DA:195,18
DA:196,18
DA:197,18
DA:199,18
DA:203,5
DA:206,5
DA:207,0
DA:208,0
DA:214,5
DA:216,5
DA:221,1
DA:222,1
DA:223,2
DA:224,1
LF:93
LH:88
BRDA:43,0,0,23
BRDA:43,1,0,23
BRDA:43,2,0,23
BRDA:59,3,0,21
BRDA:59,3,1,2
BRDA:62,4,0,0
BRDA:62,4,1,1
BRDA:62,5,0,1
BRDA:62,5,1,1
BRDA:78,6,0,68
BRDA:78,6,1,1
BRDA:92,7,0,62
BRDA:92,7,1,6
BRDA:94,8,0,62
BRDA:94,8,1,0
BRDA:102,9,0,470
BRDA:102,9,1,266
BRDA:102,10,0,356
BRDA:102,10,1,380
BRDA:109,11,0,3
BRDA:109,11,1,2
BRDA:112,12,0,0
BRDA:112,12,1,1
BRDA:119,13,0,0
BRDA:119,13,1,1
BRDA:119,14,0,0
BRDA:119,14,1,1
BRDA:128,15,0,3
BRDA:128,15,1,2
BRDA:129,16,0,1
BRDA:129,16,1,22
BRDA:135,17,0,33
BRDA:135,17,1,0
BRDA:138,18,0,1
BRDA:138,18,1,32
BRDA:145,19,0,23
BRDA:145,19,1,1
BRDA:146,20,0,2
BRDA:146,20,1,2
BRDA:146,20,2,2
BRDA:150,21,0,2
BRDA:150,21,1,0
BRDA:154,22,0,3
BRDA:154,22,1,1
BRDA:158,23,0,1
BRDA:158,23,1,0
BRDA:164,24,0,3
BRDA:164,24,1,1
BRDA:166,25,0,0
BRDA:166,25,1,0
BRDA:170,26,0,0
BRDA:170,26,1,23
BRDA:170,27,0,23
BRDA:170,27,1,0
BRDA:172,28,0,0
BRDA:172,28,1,0
BRDA:172,29,0,0
BRDA:172,29,1,0
BRDA:197,30,0,11
BRDA:197,30,1,7
BRDA:197,31,0,9
BRDA:197,31,1,9
BRDA:199,32,0,18
BRDA:199,32,1,6
BRDA:206,33,0,0
BRDA:206,33,1,5
BRDA:206,34,0,5
BRDA:206,34,1,5
BRDA:207,35,0,0
BRDA:207,35,1,0
BRDA:208,36,0,0
BRDA:208,36,1,0
BRDA:214,37,0,3
BRDA:214,37,1,2
BRDA:216,38,0,2
BRDA:216,38,1,3
BRF:76
BRH:55
end_of_record
TN:
SF:src/components/schedule/staffingUtils.jsx
FN:5,parseFteValue
FN:11,getLastNumericFteBeforeMonth
FN:13,(anonymous_2)
FN:42,getDefaultFte
FN:50,getMonthEntry
FN:51,(anonymous_5)
FN:54,getEntryValue
FN:62,getEntryStatusStartDay
FN:69,getEntryStatusEndDay
FN:76,getDaysInMonth
FN:80,isDateInStatusRange
FN:92,getDoctorEffectiveFte
FN:135,getMonthlyEffectiveFte
FN:179,getStatusCodeRatioForMonth
FN:206,getStaffingPlanValue
FN:222,isDoctorAvailable
FN:256,blocksAvailability
FN:264,getAvailabilityBlockingDoctorIdsByDate
FN:265,(anonymous_18)
FN:268,(anonymous_19)
FN:278,(anonymous_20)
FN:285,(anonymous_21)
FN:298,(anonymous_22)
FN:308,(anonymous_23)
FN:323,calculateWeeklyTargetHours
FN:327,(anonymous_25)
FNF:26
FNH:25
FNDA:34,parseFteValue
FNDA:4,getLastNumericFteBeforeMonth
FNDA:5,(anonymous_2)
FNDA:23,getDefaultFte
FNDA:53,getMonthEntry
FNDA:53,(anonymous_5)
FNDA:36,getEntryValue
FNDA:32,getEntryStatusStartDay
FNDA:32,getEntryStatusEndDay
FNDA:19,getDaysInMonth
FNDA:33,isDateInStatusRange
FNDA:16,getDoctorEffectiveFte
FNDA:3,getMonthlyEffectiveFte
FNDA:0,getStatusCodeRatioForMonth
FNDA:17,getStaffingPlanValue
FNDA:18,isDoctorAvailable
FNDA:8,blocksAvailability
FNDA:2,getAvailabilityBlockingDoctorIdsByDate
FNDA:5,(anonymous_18)
FNDA:6,(anonymous_19)
FNDA:3,(anonymous_20)
FNDA:5,(anonymous_21)
FNDA:3,(anonymous_22)
FNDA:1,(anonymous_23)
FNDA:8,calculateWeeklyTargetHours
FNDA:5,(anonymous_25)
DA:1,1
DA:2,1
DA:3,1
DA:6,34
DA:7,34
DA:8,34
DA:12,4
DA:13,5
DA:14,4
DA:15,4
DA:21,4
DA:22,0
DA:25,4
DA:26,0
DA:29,4
DA:30,4
DA:31,4
DA:35,0
DA:38,4
DA:39,4
DA:43,23
DA:44,22
DA:45,22
DA:47,1
DA:51,53
DA:55,36
DA:56,36
DA:57,32
DA:59,4
DA:63,32
DA:64,32
DA:65,11
DA:66,11
DA:70,32
DA:71,32
DA:72,11
DA:73,11
DA:77,19
DA:81,33
DA:82,29
DA:83,29
DA:84,29
DA:86,8
DA:87,8
DA:88,5
DA:89,2
DA:93,16
DA:94,16
DA:95,16
DA:96,16
DA:98,16
DA:99,0
DA:102,16
DA:103,16
DA:104,16
DA:105,16
DA:107,16
DA:108,3
DA:109,3
DA:110,0
DA:113,13
DA:114,5
DA:115,2
DA:118,8
DA:119,1
DA:120,0
DA:123,7
DA:124,7
DA:125,0
DA:128,7
DA:129,2
DA:132,5
DA:136,3
DA:137,3
DA:139,3
DA:140,0
DA:143,3
DA:144,3
DA:145,3
DA:147,3
DA:148,3
DA:150,3
DA:151,0
DA:152,0
DA:154,0
DA:155,0
DA:157,0
DA:158,0
DA:161,3
DA:162,3
DA:163,3
DA:164,3
DA:166,3
DA:167,3
DA:168,1
DA:169,2
DA:170,1
DA:172,1
DA:173,1
DA:176,3
DA:180,0
DA:181,0
DA:183,0
DA:184,0
DA:187,0
DA:188,0
DA:189,0
DA:192,0
DA:193,0
DA:195,0
DA:196,0
DA:199,0
DA:200,0
DA:201,0
DA:202,0
DA:203,0
DA:207,17
DA:208,17
DA:209,17
DA:210,17
DA:211,17
DA:212,13
DA:215,4
DA:216,3
DA:219,1
DA:224,18
DA:225,2
DA:226,2
DA:227,2
DA:228,2
DA:231,2
DA:234,17
DA:235,17
DA:236,17
DA:237,17
DA:239,17
DA:240,2
DA:241,0
DA:244,15
DA:245,8
DA:246,2
DA:249,7
DA:250,4
DA:253,3
DA:257,8
DA:258,6
DA:259,4
DA:260,2
DA:261,1
DA:265,5
DA:266,2
DA:268,2
DA:269,6
DA:270,6
DA:271,6
DA:272,6
DA:273,6
DA:276,2
DA:278,2
DA:279,3
DA:280,3
DA:281,3
DA:282,3
DA:285,2
DA:286,5
DA:287,5
DA:292,3
DA:295,2
DA:298,2
DA:299,3
DA:304,2
DA:307,1
DA:308,3
DA:311,2
DA:324,8
DA:325,8
DA:327,8
DA:328,5
DA:329,5
DA:331,5
DA:333,8
LF:181
LH:150
BRDA:8,0,0,0
BRDA:8,0,1,34
BRDA:13,1,0,5
BRDA:13,1,1,5
BRDA:13,1,2,5
BRDA:14,2,0,3
BRDA:14,2,1,1
BRDA:15,3,0,3
BRDA:15,3,1,1
BRDA:15,4,0,4
BRDA:15,4,1,3
BRDA:15,4,2,3
BRDA:17,5,0,1
BRDA:17,5,1,0
BRDA:17,6,0,1
BRDA:17,6,1,1
BRDA:17,6,2,1
BRDA:21,7,0,0
BRDA:21,7,1,4
BRDA:25,8,0,0
BRDA:25,8,1,4
BRDA:25,9,0,4
BRDA:25,9,1,4
BRDA:30,10,0,4
BRDA:30,10,1,0
BRDA:30,11,0,4
BRDA:30,11,1,4
BRDA:35,12,0,0
BRDA:35,12,1,0
BRDA:35,13,0,0
BRDA:35,13,1,0
BRDA:35,13,2,0
BRDA:39,14,0,0
BRDA:39,14,1,0
BRDA:39,15,0,4
BRDA:39,15,1,0
BRDA:43,16,0,22
BRDA:43,16,1,1
BRDA:43,17,0,23
BRDA:43,17,1,22
BRDA:43,17,2,22
BRDA:45,18,0,22
BRDA:45,18,1,0
BRDA:51,19,0,53
BRDA:51,19,1,53
BRDA:51,19,2,53
BRDA:55,20,0,32
BRDA:55,20,1,4
BRDA:56,21,0,32
BRDA:56,21,1,4
BRDA:56,22,0,36
BRDA:56,22,1,32
BRDA:56,22,2,32
BRDA:64,23,0,21
BRDA:64,23,1,11
BRDA:64,24,0,32
BRDA:64,24,1,11
BRDA:64,24,2,11
BRDA:66,25,0,0
BRDA:66,25,1,11
BRDA:71,26,0,21
BRDA:71,26,1,11
BRDA:71,27,0,32
BRDA:71,27,1,11
BRDA:71,27,2,11
BRDA:73,28,0,0
BRDA:73,28,1,11
BRDA:81,29,0,4
BRDA:81,29,1,29
BRDA:84,30,0,21
BRDA:84,30,1,8
BRDA:84,31,0,29
BRDA:84,31,1,21
BRDA:87,32,0,3
BRDA:87,32,1,5
BRDA:87,33,0,8
BRDA:87,33,1,8
BRDA:88,34,0,3
BRDA:88,34,1,2
BRDA:88,35,0,5
BRDA:88,35,1,5
BRDA:98,36,0,0
BRDA:98,36,1,16
BRDA:105,37,0,12
BRDA:105,37,1,4
BRDA:107,38,0,3
BRDA:107,38,1,13
BRDA:109,39,0,3
BRDA:109,39,1,0
BRDA:113,40,0,5
BRDA:113,40,1,8
BRDA:114,41,0,3
BRDA:114,41,1,2
BRDA:118,42,0,1
BRDA:118,42,1,7
BRDA:119,43,0,1
BRDA:119,43,1,0
BRDA:124,44,0,0
BRDA:124,44,1,7
BRDA:128,45,0,2
BRDA:128,45,1,5
BRDA:139,46,0,0
BRDA:139,46,1,3
BRDA:150,47,0,0
BRDA:150,47,1,3
BRDA:150,48,0,3
BRDA:150,48,1,0
BRDA:151,49,0,0
BRDA:151,49,1,0
BRDA:154,50,0,0
BRDA:154,50,1,0
BRDA:154,51,0,0
BRDA:154,51,1,0
BRDA:158,52,0,0
BRDA:158,52,1,0
BRDA:161,53,0,3
BRDA:161,53,1,0
BRDA:162,54,0,3
BRDA:162,54,1,0
BRDA:167,55,0,1
BRDA:167,55,1,2
BRDA:169,56,0,1
BRDA:169,56,1,1
BRDA:169,57,0,2
BRDA:169,57,1,1
BRDA:173,58,0,0
BRDA:173,58,1,1
BRDA:183,59,0,0
BRDA:183,59,1,0
BRDA:188,60,0,0
BRDA:188,60,1,0
BRDA:188,61,0,0
BRDA:188,61,1,0
BRDA:195,62,0,0
BRDA:195,62,1,0
BRDA:195,63,0,0
BRDA:195,63,1,0
BRDA:200,64,0,0
BRDA:200,64,1,0
BRDA:201,65,0,0
BRDA:201,65,1,0
BRDA:211,66,0,13
BRDA:211,66,1,4
BRDA:215,67,0,3
BRDA:215,67,1,1
BRDA:215,68,0,4
BRDA:215,68,1,3
BRDA:215,68,2,3
BRDA:224,69,0,2
BRDA:224,69,1,16
BRDA:231,70,0,1
BRDA:231,70,1,1
BRDA:239,71,0,2
BRDA:239,71,1,15
BRDA:240,72,0,2
BRDA:240,72,1,0
BRDA:244,73,0,8
BRDA:244,73,1,7
BRDA:245,74,0,6
BRDA:245,74,1,2
BRDA:249,75,0,4
BRDA:249,75,1,3
BRDA:257,76,0,2
BRDA:257,76,1,6
BRDA:258,77,0,2
BRDA:258,77,1,4
BRDA:259,78,0,2
BRDA:259,78,1,2
BRDA:260,79,0,1
BRDA:260,79,1,1
BRDA:264,80,0,2
BRDA:264,81,0,2
BRDA:264,82,0,2
BRDA:264,83,0,2
BRDA:269,84,0,0
BRDA:269,84,1,6
BRDA:271,85,0,6
BRDA:271,85,1,6
BRDA:279,86,0,0
BRDA:279,86,1,3
BRDA:279,87,0,3
BRDA:279,87,1,3
BRDA:279,87,2,3
BRDA:280,88,0,3
BRDA:280,88,1,1
BRDA:287,89,0,3
BRDA:287,89,1,2
BRDA:299,90,0,2
BRDA:299,90,1,1
BRDA:307,91,0,1
BRDA:307,91,1,0
BRDA:323,92,0,8
BRDA:323,93,0,8
BRDA:323,94,0,8
BRDA:331,95,0,5
BRDA:331,95,1,5
BRF:196
BRH:144
end_of_record
TN:
SF:src/components/staff/DoctorForm.jsx
FN:17,(anonymous_0)
FN:27,getCentralWeeklyHours
FN:35,DoctorForm
FN:46,(anonymous_3)
FN:52,(anonymous_4)
FN:65,(anonymous_5)
FN:74,(anonymous_6)
FN:88,(anonymous_7)
FN:117,(anonymous_8)
FN:146,(anonymous_9)
FN:147,(anonymous_10)
FN:148,(anonymous_11)
FN:152,(anonymous_12)
FN:164,(anonymous_13)
FN:200,(anonymous_14)
FN:211,(anonymous_15)
FN:220,(anonymous_16)
FN:226,(anonymous_17)
FN:243,(anonymous_18)
FN:266,(anonymous_19)
FN:282,(anonymous_20)
FN:293,(anonymous_21)
FN:294,(anonymous_22)
FN:312,(anonymous_23)
FN:332,(anonymous_24)
FN:347,(anonymous_25)
FN:366,(anonymous_26)
FN:381,(anonymous_27)
FN:394,(anonymous_28)
FN:401,(anonymous_29)
FN:405,(anonymous_30)
FN:409,(anonymous_31)
FNF:32
FNH:17
FNDA:5,(anonymous_0)
FNDA:3,getCentralWeeklyHours
FNDA:65,DoctorForm
FNDA:2,(anonymous_3)
FNDA:2,(anonymous_4)
FNDA:6,(anonymous_5)
FNDA:0,(anonymous_6)
FNDA:0,(anonymous_7)
FNDA:2,(anonymous_8)
FNDA:1,(anonymous_9)
FNDA:1,(anonymous_10)
FNDA:0,(anonymous_11)
FNDA:2,(anonymous_12)
FNDA:1,(anonymous_13)
FNDA:24,(anonymous_14)
FNDA:5,(anonymous_15)
FNDA:0,(anonymous_16)
FNDA:325,(anonymous_17)
FNDA:13,(anonymous_18)
FNDA:13,(anonymous_19)
FNDA:0,(anonymous_20)
FNDA:0,(anonymous_21)
FNDA:0,(anonymous_22)
FNDA:3,(anonymous_23)
FNDA:0,(anonymous_24)
FNDA:0,(anonymous_25)
FNDA:0,(anonymous_26)
FNDA:0,(anonymous_27)
FNDA:0,(anonymous_28)
FNDA:0,(anonymous_29)
FNDA:0,(anonymous_30)
FNDA:0,(anonymous_31)
DA:17,5
DA:18,1
DA:28,3
DA:29,1
DA:32,2
DA:37,65
DA:38,65
DA:41,65
DA:44,65
DA:46,2
DA:50,65
DA:53,2
DA:54,2
DA:55,2
DA:57,0
DA:62,65
DA:63,65
DA:65,65
DA:66,6
DA:75,0
DA:76,0
DA:88,65
DA:89,0
DA:90,0
DA:91,0
DA:92,0
DA:94,0
DA:95,0
DA:96,0
DA:100,0
DA:102,0
DA:104,0
DA:108,65
DA:117,65
DA:118,2
DA:119,0
DA:127,0
DA:128,2
DA:130,2
DA:142,2
DA:146,65
DA:147,1
DA:148,1
DA:152,65
DA:153,2
DA:156,2
DA:157,2
DA:158,0
DA:159,0
DA:163,2
DA:164,1
DA:167,2
DA:168,1
DA:169,1
DA:173,1
DA:183,2
DA:186,65
DA:200,24
DA:211,5
DA:220,0
DA:227,325
DA:243,13
DA:266,13
DA:282,0
DA:294,0
DA:295,0
DA:312,3
DA:332,0
DA:347,0
DA:366,0
DA:381,0
DA:394,0
DA:402,0
DA:403,0
DA:404,0
DA:405,0
DA:406,0
DA:407,0
DA:408,0
DA:409,0
LF:80
LH:46
BRDA:27,0,0,3
BRDA:28,1,0,1
BRDA:28,1,1,2
BRDA:32,2,0,2
BRDA:32,2,1,1
BRDA:32,2,2,0
BRDA:38,3,0,61
BRDA:38,3,1,4
BRDA:41,4,0,65
BRDA:41,4,1,0
BRDA:44,5,0,65
BRDA:50,6,0,65
BRDA:55,7,0,2
BRDA:55,7,1,0
BRDA:75,8,0,0
BRDA:75,8,1,0
BRDA:80,9,0,0
BRDA:80,9,1,0
BRDA:90,10,0,0
BRDA:90,10,1,0
BRDA:100,11,0,0
BRDA:100,11,1,0
BRDA:102,12,0,0
BRDA:102,12,1,0
BRDA:109,13,0,65
BRDA:109,13,1,65
BRDA:118,14,0,0
BRDA:118,14,1,2
BRDA:121,15,0,0
BRDA:121,15,1,0
BRDA:122,16,0,0
BRDA:122,16,1,0
BRDA:123,17,0,0
BRDA:123,17,1,0
BRDA:124,18,0,0
BRDA:124,18,1,0
BRDA:128,19,0,2
BRDA:128,19,1,0
BRDA:148,20,0,0
BRDA:148,20,1,1
BRDA:157,21,0,0
BRDA:157,21,1,2
BRDA:164,22,0,1
BRDA:164,22,1,1
BRDA:167,23,0,1
BRDA:167,23,1,1
BRDA:176,24,0,1
BRDA:176,24,1,0
BRDA:177,25,0,0
BRDA:177,25,1,1
BRDA:179,26,0,1
BRDA:179,26,1,0
BRDA:180,27,0,2
BRDA:180,27,1,1
BRDA:190,28,0,0
BRDA:190,28,1,65
BRDA:242,29,0,65
BRDA:242,29,1,35
BRDA:252,30,0,65
BRDA:252,30,1,30
BRDA:255,31,0,0
BRDA:255,31,1,65
BRDA:265,32,0,65
BRDA:265,32,1,48
BRDA:281,33,0,63
BRDA:281,33,1,2
BRDA:287,34,0,0
BRDA:287,34,1,65
BRDA:295,35,0,0
BRDA:295,35,1,0
BRDA:311,36,0,65
BRDA:311,36,1,61
BRDA:318,37,0,65
BRDA:318,37,1,0
BRDA:331,38,0,0
BRDA:331,38,1,0
BRDA:365,39,0,65
BRDA:365,39,1,65
BRDA:380,40,0,65
BRDA:380,40,1,65
BRDA:392,41,0,65
BRDA:392,41,1,0
BRDA:400,42,0,65
BRDA:400,42,1,65
BRDA:402,43,0,0
BRDA:402,43,1,0
BRDA:404,44,0,0
BRDA:404,44,1,0
BRDA:406,45,0,0
BRDA:406,45,1,0
BRDA:408,46,0,0
BRDA:408,46,1,0
BRDA:408,47,0,0
BRDA:408,47,1,0
BRF:94
BRH:47
end_of_record
TN:
SF:src/hooks/use-mobile.jsx
FN:5,useIsMobile
FN:8,(anonymous_1)
FN:10,(anonymous_2)
FN:15,(anonymous_3)
FNF:4
FNH:4
FNDA:14,useIsMobile
FNDA:6,(anonymous_1)
FNDA:2,(anonymous_2)
FNDA:6,(anonymous_3)
DA:3,1
DA:6,14
DA:8,14
DA:9,6
DA:10,6
DA:11,2
DA:13,6
DA:14,6
DA:15,6
DA:18,14
LF:10
LH:10
BRF:0
BRH:0
end_of_record
TN:
SF:src/hooks/useCertificates.js
FN:10,useCertificates
FN:19,(anonymous_1)
FN:24,(anonymous_2)
FN:26,(anonymous_3)
FN:33,(anonymous_4)
FN:39,(anonymous_5)
FN:44,(anonymous_6)
FN:48,(anonymous_7)
FN:53,(anonymous_8)
FN:58,(anonymous_9)
FN:85,useExpiringCertificates
FN:88,(anonymous_11)
FN:99,openCertificateInNewTab
FN:104,(anonymous_13)
FNF:14
FNH:13
FNDA:26,useCertificates
FNDA:17,(anonymous_1)
FNDA:92,(anonymous_2)
FNDA:6,(anonymous_3)
FNDA:4,(anonymous_4)
FNDA:1,(anonymous_5)
FNDA:1,(anonymous_6)
FNDA:1,(anonymous_7)
FNDA:1,(anonymous_8)
FNDA:1,(anonymous_9)
FNDA:5,useExpiringCertificates
FNDA:2,(anonymous_11)
FNDA:2,openCertificateInNewTab
FNDA:0,(anonymous_13)
DA:4,1
DA:11,26
DA:13,26
DA:17,26
DA:19,17
DA:25,92
DA:26,92
DA:27,2
DA:29,90
DA:33,26
DA:34,4
DA:35,4
DA:38,26
DA:39,1
DA:43,26
DA:44,1
DA:47,26
DA:48,1
DA:52,26
DA:53,1
DA:57,26
DA:59,1
DA:63,26
DA:86,5
DA:88,2
DA:93,5
DA:100,2
DA:101,2
DA:102,2
DA:104,2
DA:105,2
DA:107,1
DA:108,1
DA:109,1
DA:110,1
DA:111,1
DA:112,1
LF:37
LH:37
BRDA:10,0,0,26
BRDA:10,1,0,26
BRDA:10,2,0,26
BRDA:10,3,0,26
BRDA:17,4,0,26
BRDA:20,5,0,17
BRDA:20,5,1,2
BRDA:21,6,0,17
BRDA:21,6,1,16
BRDA:26,7,0,2
BRDA:26,7,1,90
BRDA:26,8,0,92
BRDA:26,8,1,35
BRDA:85,9,0,5
BRDA:85,10,0,5
BRDA:85,11,0,5
BRDA:86,12,0,5
BRDA:105,13,0,1
BRDA:105,13,1,1
BRF:19
BRH:19
end_of_record
TN:
SF:src/hooks/useQualifications.js
FN:58,initializeDefaultQualifications
FN:82,useQualifications
FN:87,(anonymous_2)
FN:92,(anonymous_3)
FN:97,(anonymous_4)
FN:98,(anonymous_5)
FN:102,(anonymous_6)
FN:103,(anonymous_7)
FN:107,(anonymous_8)
FN:114,(anonymous_9)
FN:115,(anonymous_10)
FN:119,(anonymous_11)
FN:127,(anonymous_12)
FN:128,(anonymous_13)
FN:129,(anonymous_14)
FN:134,(anonymous_15)
FN:158,useDoctorQualifications
FN:163,(anonymous_17)
FN:168,(anonymous_18)
FN:172,(anonymous_19)
FN:179,(anonymous_20)
FN:180,(anonymous_21)
FN:197,useAllDoctorQualifications
FN:200,(anonymous_23)
FN:204,(anonymous_24)
FN:205,(anonymous_25)
FN:213,(anonymous_26)
FN:214,(anonymous_27)
FN:228,useWorkplaceQualifications
FN:233,(anonymous_29)
FN:238,(anonymous_30)
FN:242,(anonymous_31)
FN:246,(anonymous_32)
FN:247,(anonymous_33)
FN:261,useAllWorkplaceQualifications
FN:264,(anonymous_35)
FN:268,(anonymous_36)
FN:274,(anonymous_37)
FN:276,(anonymous_38)
FN:277,(anonymous_39)
FN:280,(anonymous_40)
FN:282,(anonymous_41)
FN:283,(anonymous_42)
FN:286,(anonymous_43)
FN:288,(anonymous_44)
FN:289,(anonymous_45)
FN:292,(anonymous_46)
FN:294,(anonymous_47)
FN:295,(anonymous_48)
FN:313,checkDoctorQualifications
FN:316,(anonymous_50)
FNF:51
FNH:8
FNDA:6,initializeDefaultQualifications
FNDA:11,useQualifications
FNDA:6,(anonymous_2)
FNDA:4,(anonymous_3)
FNDA:0,(anonymous_4)
FNDA:0,(anonymous_5)
FNDA:0,(anonymous_6)
FNDA:0,(anonymous_7)
FNDA:0,(anonymous_8)
FNDA:0,(anonymous_9)
FNDA:0,(anonymous_10)
FNDA:0,(anonymous_11)
FNDA:12,(anonymous_12)
FNDA:8,(anonymous_13)
FNDA:28,(anonymous_14)
FNDA:12,(anonymous_15)
FNDA:0,useDoctorQualifications
FNDA:0,(anonymous_17)
FNDA:0,(anonymous_18)
FNDA:0,(anonymous_19)
FNDA:0,(anonymous_20)
FNDA:0,(anonymous_21)
FNDA:0,useAllDoctorQualifications
FNDA:0,(anonymous_23)
FNDA:0,(anonymous_24)
FNDA:0,(anonymous_25)
FNDA:0,(anonymous_26)
FNDA:0,(anonymous_27)
FNDA:0,useWorkplaceQualifications
FNDA:0,(anonymous_29)
FNDA:0,(anonymous_30)
FNDA:0,(anonymous_31)
FNDA:0,(anonymous_32)
FNDA:0,(anonymous_33)
FNDA:0,useAllWorkplaceQualifications
FNDA:0,(anonymous_35)
FNDA:0,(anonymous_36)
FNDA:0,(anonymous_37)
FNDA:0,(anonymous_38)
FNDA:0,(anonymous_39)
FNDA:0,(anonymous_40)
FNDA:0,(anonymous_41)
FNDA:0,(anonymous_42)
FNDA:0,(anonymous_43)
FNDA:0,(anonymous_44)
FNDA:0,(anonymous_45)
FNDA:0,(anonymous_46)
FNDA:0,(anonymous_47)
FNDA:0,(anonymous_48)
FNDA:0,checkDoctorQualifications
FNDA:0,(anonymous_50)
DA:12,1
DA:59,6
DA:60,6
DA:61,5
DA:62,1
DA:65,4
DA:66,4
DA:67,4
DA:68,16
DA:69,16
DA:71,4
DA:72,4
DA:74,1
DA:75,1
DA:83,11
DA:85,11
DA:88,6
DA:89,5
DA:90,3
DA:92,4
DA:96,11
DA:97,0
DA:98,0
DA:101,11
DA:102,0
DA:103,0
DA:106,11
DA:109,0
DA:113,0
DA:114,0
DA:115,0
DA:120,0
DA:121,0
DA:122,0
DA:127,12
DA:128,11
DA:129,28
DA:130,8
DA:134,11
DA:135,12
DA:136,12
DA:139,11
DA:159,0
DA:161,0
DA:163,0
DA:167,0
DA:168,0
DA:173,0
DA:174,0
DA:178,0
DA:179,0
DA:181,0
DA:182,0
DA:186,0
DA:198,0
DA:200,0
DA:204,0
DA:205,0
DA:206,0
DA:207,0
DA:208,0
DA:213,0
DA:214,0
DA:217,0
DA:229,0
DA:231,0
DA:233,0
DA:237,0
DA:238,0
DA:242,0
DA:245,0
DA:246,0
DA:247,0
DA:250,0
DA:262,0
DA:264,0
DA:268,0
DA:269,0
DA:270,0
DA:271,0
DA:274,0
DA:275,0
DA:276,0
DA:277,0
DA:280,0
DA:281,0
DA:282,0
DA:283,0
DA:286,0
DA:287,0
DA:288,0
DA:289,0
DA:292,0
DA:293,0
DA:294,0
DA:295,0
DA:298,0
DA:314,0
DA:316,0
DA:317,0
LF:100
LH:31
BRDA:61,0,0,1
BRDA:61,0,1,4
BRDA:61,1,0,5
BRDA:61,1,1,5
BRDA:85,2,0,11
BRDA:89,3,0,3
BRDA:89,3,1,2
BRDA:89,4,0,5
BRDA:89,4,1,5
BRDA:92,5,0,4
BRDA:92,5,1,0
BRDA:92,6,0,4
BRDA:92,6,1,0
BRDA:127,7,0,12
BRDA:127,7,1,4
BRDA:129,8,0,28
BRDA:129,8,1,4
BRDA:161,9,0,0
BRDA:198,10,0,0
BRDA:206,11,0,0
BRDA:206,11,1,0
BRDA:214,12,0,0
BRDA:214,12,1,0
BRDA:231,13,0,0
BRDA:262,14,0,0
BRDA:269,15,0,0
BRDA:269,15,1,0
BRDA:275,16,0,0
BRDA:275,16,1,0
BRDA:276,17,0,0
BRDA:276,17,1,0
BRDA:281,18,0,0
BRDA:281,18,1,0
BRDA:282,19,0,0
BRDA:282,19,1,0
BRDA:287,20,0,0
BRDA:287,20,1,0
BRDA:288,21,0,0
BRDA:288,21,1,0
BRDA:293,22,0,0
BRDA:293,22,1,0
BRDA:294,23,0,0
BRDA:294,23,1,0
BRDA:314,24,0,0
BRDA:314,24,1,0
BRDA:314,25,0,0
BRDA:314,25,1,0
BRF:47
BRH:15
end_of_record
TN:
SF:src/utils/autoFrei.js
FN:3,getAutoFreiDate
FNF:1
FNH:1
FNDA:10,getAutoFreiDate
DA:4,10
DA:5,10
DA:6,10
DA:7,10
DA:9,10
DA:10,4
DA:13,6
LF:7
LH:7
BRDA:6,0,0,10
BRDA:6,0,1,8
BRDA:9,1,0,4
BRDA:9,1,1,6
BRDA:9,2,0,10
BRDA:9,2,1,7
BRF:6
BRH:6
end_of_record
TN:
SF:src/utils/dbTracker.js
FNF:0
FNH:0
LF:0
LH:0
BRF:0
BRH:0
end_of_record
TN:
SF:src/utils/doctorSorting.js
FN:1,(anonymous_0)
FN:14,(anonymous_1)
FN:15,(anonymous_2)
FNF:3
FNH:2
FNDA:0,(anonymous_0)
FNDA:7,(anonymous_1)
FNDA:8,(anonymous_2)
DA:1,1
DA:2,0
DA:3,0
DA:6,0
DA:7,0
DA:8,0
DA:10,0
DA:14,1
DA:15,7
DA:16,8
DA:17,8
DA:19,1
LF:12
LH:6
BRDA:2,0,0,0
BRDA:2,0,1,0
BRDA:8,1,0,0
BRDA:8,1,1,0
BRDA:14,2,0,7
BRDA:16,3,0,8
BRDA:16,3,1,0
BRDA:16,4,0,8
BRDA:16,4,1,2
BRDA:17,5,0,7
BRDA:17,5,1,1
BRDA:19,6,0,1
BRDA:19,6,1,0
BRDA:19,7,0,8
BRDA:19,7,1,0
BRF:15
BRH:8
end_of_record
TN:
SF:src/utils/holidays.js
FNF:0
FNH:0
LF:0
LH:0
BRF:0
BRH:0
end_of_record
TN:
SF:src/utils/index.ts
FN:4,createPageUrl
FNF:1
FNH:0
FNDA:0,createPageUrl
DA:5,0
LF:1
LH:0
BRF:0
BRH:0
end_of_record
TN:
SF:src/utils/shiftPositionUtils.js
FN:20,normalizeShiftPosition
FN:28,isNonWorkingShiftPosition
FNF:2
FNH:2
FNDA:35,normalizeShiftPosition
FNDA:30,isNonWorkingShiftPosition
DA:1,3
DA:21,35
DA:29,30
LF:3
LH:3
BRDA:21,0,0,35
BRDA:21,0,1,4
BRF:2
BRH:2
end_of_record
TN:
SF:src/utils/staffingUtils.js
FNF:0
FNH:0
LF:0
LH:0
BRF:0
BRH:0
end_of_record
TN:
SF:src/utils/timeslotUtils.js
FN:13,timeToMinutes
FN:24,minutesToTime
FN:37,spansMidnight
FN:49,calculateDurationMinutes
FN:68,calculateShiftHours
FN:91,timeslotsOverlap
FN:94,(anonymous_6)
FN:138,formatTimeslotLabel
FN:157,formatTimeslotShort
FN:170,createFullDayTimeslot
FN:188,aggregateWorkingHours
FN:205,(anonymous_11)
FN:222,parseDroppableId
FN:241,createDroppableId
FNF:14
FNH:11
FNDA:52,timeToMinutes
FNDA:7,minutesToTime
FNDA:8,spansMidnight
FNDA:6,calculateDurationMinutes
FNDA:4,calculateShiftHours
FNDA:6,timeslotsOverlap
FNDA:8,(anonymous_6)
FNDA:4,formatTimeslotLabel
FNDA:2,formatTimeslotShort
FNDA:0,createFullDayTimeslot
FNDA:0,aggregateWorkingHours
FNDA:0,(anonymous_11)
FNDA:6,parseDroppableId
FNDA:4,createDroppableId
DA:14,52
DA:15,49
DA:16,49
DA:25,7
DA:26,7
DA:27,7
DA:28,7
DA:38,8
DA:39,8
DA:40,8
DA:50,6
DA:51,6
DA:54,6
DA:55,3
DA:58,6
DA:69,4
DA:71,2
DA:74,2
DA:79,2
DA:92,6
DA:94,4
DA:95,8
DA:96,8
DA:99,8
DA:100,1
DA:103,8
DA:109,4
DA:110,4
DA:113,4
DA:114,1
DA:119,3
DA:120,3
DA:121,1
DA:125,2
DA:126,2
DA:127,0
DA:130,2
DA:139,4
DA:141,3
DA:142,4
DA:143,4
DA:145,4
DA:146,2
DA:149,1
DA:158,2
DA:160,1
DA:161,2
DA:163,2
DA:171,0
DA:189,0
DA:191,0
DA:192,0
DA:193,0
DA:197,0
DA:198,0
DA:199,0
DA:204,0
DA:205,0
DA:208,0
DA:210,0
DA:214,0
DA:223,6
DA:225,4
DA:227,4
DA:242,4
DA:243,2
DA:245,2
LF:67
LH:53
BRDA:14,0,0,3
BRDA:14,0,1,49
BRDA:54,1,0,3
BRDA:54,1,1,3
BRDA:68,2,0,4
BRDA:69,3,0,2
BRDA:69,3,1,2
BRDA:91,4,0,6
BRDA:92,5,0,2
BRDA:92,5,1,4
BRDA:92,6,0,6
BRDA:92,6,1,5
BRDA:99,7,0,1
BRDA:99,7,1,7
BRDA:113,8,0,1
BRDA:113,8,1,3
BRDA:113,9,0,4
BRDA:113,9,1,3
BRDA:120,10,0,1
BRDA:120,10,1,2
BRDA:120,11,0,3
BRDA:120,11,1,3
BRDA:126,12,0,0
BRDA:126,12,1,2
BRDA:126,13,0,2
BRDA:126,13,1,0
BRDA:139,14,0,1
BRDA:139,14,1,3
BRDA:141,15,0,3
BRDA:141,15,1,0
BRDA:142,16,0,4
BRDA:142,16,1,0
BRDA:145,17,0,2
BRDA:145,17,1,2
BRDA:146,18,0,1
BRDA:146,18,1,1
BRDA:149,19,0,0
BRDA:149,19,1,1
BRDA:158,20,0,1
BRDA:158,20,1,1
BRDA:160,21,0,1
BRDA:160,21,1,0
BRDA:161,22,0,2
BRDA:161,22,1,0
BRDA:192,23,0,0
BRDA:192,23,1,0
BRDA:197,24,0,0
BRDA:197,24,1,0
BRDA:198,25,0,0
BRDA:198,25,1,0
BRDA:198,26,0,0
BRDA:198,26,1,0
BRDA:204,27,0,0
BRDA:204,27,1,0
BRDA:211,28,0,0
BRDA:211,28,1,0
BRDA:223,29,0,2
BRDA:223,29,1,4
BRDA:228,30,0,4
BRDA:228,30,1,0
BRDA:229,31,0,6
BRDA:229,31,1,0
BRDA:230,32,0,2
BRDA:230,32,1,2
BRDA:230,33,0,6
BRDA:230,33,1,3
BRDA:241,34,0,4
BRDA:242,35,0,2
BRDA:242,35,1,2
BRF:69
BRH:48
end_of_record
TN:
SF:src/utils/wishRange.js
FN:3,(anonymous_0)
FN:12,(anonymous_1)
FN:14,(anonymous_2)
FN:18,(anonymous_3)
FN:24,(anonymous_4)
FN:33,(anonymous_5)
FNF:6
FNH:6
FNDA:60,(anonymous_0)
FNDA:25,(anonymous_1)
FNDA:26,(anonymous_2)
FNDA:4,(anonymous_3)
FNDA:9,(anonymous_4)
FNDA:3,(anonymous_5)
DA:3,2
DA:4,60
DA:5,48
DA:7,1
DA:8,60
DA:9,1
DA:12,25
DA:14,26
DA:18,2
DA:19,4
DA:20,4
DA:21,4
DA:24,2
DA:25,9
DA:26,9
DA:27,9
DA:29,9
DA:30,7
DA:33,2
DA:34,3
DA:35,3
DA:37,3
DA:38,2
DA:39,1
LF:24
LH:24
BRDA:4,0,0,12
BRDA:4,0,1,48
BRDA:5,1,0,47
BRDA:5,1,1,1
BRDA:5,2,0,48
BRDA:5,2,1,47
BRDA:7,3,0,1
BRDA:7,3,1,0
BRDA:8,4,0,0
BRDA:8,4,1,60
BRDA:12,5,0,25
BRDA:12,5,1,16
BRDA:12,5,2,14
BRDA:15,6,0,26
BRDA:15,6,1,17
BRDA:15,6,2,15
BRDA:15,6,3,7
BRDA:15,6,4,6
BRDA:21,7,0,4
BRDA:21,7,1,2
BRDA:21,7,2,2
BRDA:29,8,0,2
BRDA:29,8,1,7
BRDA:29,9,0,9
BRDA:29,9,1,8
BRDA:29,9,2,7
BRDA:30,10,0,7
BRDA:30,10,1,6
BRDA:37,11,0,1
BRDA:37,11,1,2
BRDA:37,12,0,3
BRDA:37,12,1,1
BRDA:38,13,0,1
BRDA:38,13,1,1
BRDA:38,14,0,2
BRDA:38,14,1,2
BRDA:38,14,2,2
BRDA:38,15,0,1
BRDA:38,15,1,0
BRF:39
BRH:36
end_of_record
TN:
SF:src/utils/workplaceCategoryUtils.js
FN:7,parseWorkplaceCategories
FN:15,(anonymous_1)
FN:39,getWorkplaceCategoriesFromSettings
FN:40,(anonymous_3)
FN:44,getWorkplaceCategoryNames
FN:45,(anonymous_5)
FN:48,categoryAllowsMultiple
FN:53,(anonymous_7)
FN:57,workplaceAllowsMultiple
FNF:9
FNH:9
FNDA:46,parseWorkplaceCategories
FNDA:12,(anonymous_1)
FNDA:37,getWorkplaceCategoriesFromSettings
FNDA:3,(anonymous_3)
FNDA:1,getWorkplaceCategoryNames
FNDA:2,(anonymous_5)
FNDA:37,categoryAllowsMultiple
FNDA:1,(anonymous_7)
FNDA:34,workplaceAllowsMultiple
DA:1,3
DA:8,46
DA:10,8
DA:11,8
DA:12,8
DA:14,6
DA:16,12
DA:17,9
DA:18,9
DA:21,3
DA:22,2
DA:23,2
DA:25,1
DA:31,1
DA:35,1
DA:40,37
DA:41,37
DA:45,2
DA:49,37
DA:50,35
DA:53,2
DA:54,2
DA:58,34
DA:59,33
DA:60,2
DA:63,31
LF:26
LH:26
BRDA:8,0,0,38
BRDA:8,0,1,8
BRDA:12,1,0,1
BRDA:12,1,1,7
BRDA:16,2,0,9
BRDA:16,2,1,3
BRDA:18,3,0,7
BRDA:18,3,1,2
BRDA:21,4,0,2
BRDA:21,4,1,1
BRDA:21,5,0,3
BRDA:21,5,1,2
BRDA:23,6,0,1
BRDA:23,6,1,1
BRDA:39,7,0,37
BRDA:44,8,0,1
BRDA:48,9,0,37
BRDA:49,10,0,35
BRDA:49,10,1,2
BRDA:54,11,0,2
BRDA:54,11,1,1
BRDA:57,12,0,34
BRDA:58,13,0,1
BRDA:58,13,1,33
BRDA:59,14,0,2
BRDA:59,14,1,31
BRDA:59,15,0,33
BRDA:59,15,1,3
BRF:28
BRH:28
end_of_record
